2024-06-10 13:57:51,804 [INFO] Activator:176 - 


2024-06-10 13:57:51,810 [INFO] Activator:177 - !SESSION log4j initialized
2024-06-10 13:57:56,094 [INFO] LogOutputStream:77 - [STDOUT_REDIRECT] 
2024-06-10 13:57:56,557 [ERROR] ConfigurationRetriever:142 - IOException on connection: sw-center.st.com
2024-06-10 13:57:56,557 [ERROR] ConfigurationRetriever:142 - IOException on connection: sw-center.st.com
2024-06-10 13:57:56,557 [ERROR] ConfigurationRetriever:142 - IOException on connection: sw-center.st.com
2024-06-10 13:57:58,297 [INFO] ApplicationProperties:184 - Using Application install path: C:\ST\STM32CubeIDE_1.15.1\STM32CubeIDE\plugins\com.st.stm32cube.common.mx_6.11.1.202404110753
2024-06-10 13:57:58,328 [INFO] DbMcusXml:78 - Set database path to: C:\ST\STM32CubeIDE_1.15.1\STM32CubeIDE\plugins\com.st.stm32cube.common.mx_6.11.1.202404110753\\db\/mcu/
2024-06-10 13:57:58,328 [INFO] ApiDb:274 - Set plugin database path to: C:\ST\STM32CubeIDE_1.15.1\STM32CubeIDE\plugins\com.st.stm32cube.common.mx_6.11.1.202404110753\\db\/plugins/boardmanager/
2024-06-10 13:57:58,328 [WARN] ApiDb:259 - Overriding images path with different value:  => C:\ST\STM32CubeIDE_1.15.1\STM32CubeIDE\plugins\com.st.stm32cube.common.mx_6.11.1.202404110753\\db\/plugins/mcufinder/images/
2024-06-10 13:57:58,340 [INFO] ApiDb:250 - Set database path to: C:\Users\antor\.stmcufinder\plugins\mcufinder//mcu/
2024-06-10 13:57:58,341 [INFO] DbMcusAds:125 - Set database path to: C:\Users\antor\.stmcufinder\plugins\mcufinder//mcu/
2024-06-10 13:57:58,343 [INFO] CrossReferenceDbSqlite:203 - Set database path to: C:\Users\antor\.stmcufinder\plugins\mcufinder//mcu/cs/
2024-06-10 13:57:58,469 [INFO] RulesReader:64 - Compatibility file has been processed (297 Rules)
2024-06-10 13:57:58,577 [INFO] DbMcusXml:78 - Set database path to: C:\ST\STM32CubeIDE_1.15.1\STM32CubeIDE\plugins\com.st.stm32cube.common.mx_6.11.1.202404110753\\db\/mcu/
2024-06-10 13:57:58,577 [INFO] ApiDb:274 - Set plugin database path to: C:\ST\STM32CubeIDE_1.15.1\STM32CubeIDE\plugins\com.st.stm32cube.common.mx_6.11.1.202404110753\\db\/plugins/boardmanager/
2024-06-10 13:57:58,577 [INFO] ApiDb:261 - Set plugin images path to: C:\ST\STM32CubeIDE_1.15.1\STM32CubeIDE\plugins\com.st.stm32cube.common.mx_6.11.1.202404110753\\db\/plugins/mcufinder/images/
2024-06-10 13:57:58,577 [WARN] DbFile:41 - Overriding database path with different value: C:\Users\antor\.stmcufinder\plugins\mcufinder/ => C:\Users\antor\.stmcufinder\plugins\mcufinder
2024-06-10 13:57:58,577 [INFO] ApiDb:250 - Set database path to: C:\Users\antor\.stmcufinder\plugins\mcufinder//mcu/
2024-06-10 13:57:58,577 [WARN] DbFile:41 - Overriding database path with different value: C:\Users\antor\.stmcufinder\plugins\mcufinder/ => C:\Users\antor\.stmcufinder\plugins\mcufinder
2024-06-10 13:57:58,578 [INFO] DbMcusAds:125 - Set database path to: C:\Users\antor\.stmcufinder\plugins\mcufinder//mcu/
2024-06-10 13:57:58,578 [WARN] DbFile:41 - Overriding database path with different value: C:\Users\antor\.stmcufinder\plugins\mcufinder/ => C:\Users\antor\.stmcufinder\plugins\mcufinder
2024-06-10 13:57:58,578 [WARN] DbFile:41 - Overriding database path with different value: C:\Users\antor\.stmcufinder\plugins\mcufinder/ => C:\Users\antor\.stmcufinder\plugins\mcufinder
2024-06-10 13:57:58,578 [INFO] CrossReferenceDbSqlite:203 - Set database path to: C:\Users\antor\.stmcufinder\plugins\mcufinder//mcu/cs/
2024-06-10 13:57:58,672 [INFO] MainPanel:264 - HeapMemory: 287309824
2024-06-10 13:57:58,782 [INFO] DbMcusXml:78 - Set database path to: C:\ST\STM32CubeIDE_1.15.1\STM32CubeIDE\plugins\com.st.stm32cube.common.mx_6.11.1.202404110753\\db\/mcu/
2024-06-10 13:57:58,782 [INFO] ApiDb:274 - Set plugin database path to: C:\ST\STM32CubeIDE_1.15.1\STM32CubeIDE\plugins\com.st.stm32cube.common.mx_6.11.1.202404110753\\db\/plugins/boardmanager/
2024-06-10 13:57:58,782 [INFO] ApiDb:261 - Set plugin images path to: C:\ST\STM32CubeIDE_1.15.1\STM32CubeIDE\plugins\com.st.stm32cube.common.mx_6.11.1.202404110753\\db\/plugins/mcufinder/images/
2024-06-10 13:57:58,782 [WARN] DbFile:41 - Overriding database path with different value: C:\Users\antor\.stmcufinder\plugins\mcufinder/ => C:\Users\antor\.stmcufinder\plugins\mcufinder
2024-06-10 13:57:58,783 [INFO] ApiDb:250 - Set database path to: C:\Users\antor\.stmcufinder\plugins\mcufinder//mcu/
2024-06-10 13:57:58,783 [WARN] DbFile:41 - Overriding database path with different value: C:\Users\antor\.stmcufinder\plugins\mcufinder/ => C:\Users\antor\.stmcufinder\plugins\mcufinder
2024-06-10 13:57:58,783 [INFO] DbMcusAds:125 - Set database path to: C:\Users\antor\.stmcufinder\plugins\mcufinder//mcu/
2024-06-10 13:57:58,783 [WARN] DbFile:41 - Overriding database path with different value: C:\Users\antor\.stmcufinder\plugins\mcufinder/ => C:\Users\antor\.stmcufinder\plugins\mcufinder
2024-06-10 13:57:58,783 [WARN] DbFile:41 - Overriding database path with different value: C:\Users\antor\.stmcufinder\plugins\mcufinder/ => C:\Users\antor\.stmcufinder\plugins\mcufinder
2024-06-10 13:57:58,783 [INFO] CrossReferenceDbSqlite:203 - Set database path to: C:\Users\antor\.stmcufinder\plugins\mcufinder//mcu/cs/
2024-06-10 13:57:58,802 [INFO] ApplicationProperties:184 - Using Application install path: C:\ST\STM32CubeIDE_1.15.1\STM32CubeIDE\plugins\com.st.stm32cube.common.mx_6.11.1.202404110753
2024-06-10 13:57:58,804 [INFO] PluginManage:196 - Search for loadable plugins [exclusion list=, ]
2024-06-10 13:57:58,806 [INFO] PluginManage:310 - Check plugin analytics
2024-06-10 13:57:59,076 [INFO] AnalyticsPlugin:253 - Accepted Software Licenses: 
2024-06-10 13:57:59,076 [INFO] AnalyticsPlugin:255 - Accepted CMSIS Pack Licenses: 
2024-06-10 13:57:59,077 [INFO] AnalyticsPlugin:257 - Accepted Firmware Licenses: 
2024-06-10 13:57:59,082 [ERROR] ConfigurationRetriever:142 - IOException on connection: sw-center.st.com
2024-06-10 13:57:59,083 [INFO] PluginManage:359 - Loaded plugin analytics (category:tool,tabindex:-1)
2024-06-10 13:57:59,084 [ERROR] ConfigurationRetriever:142 - IOException on connection: sw-center.st.com
2024-06-10 13:57:59,084 [ERROR] ConfigurationRetriever:142 - IOException on connection: sw-center.st.com
2024-06-10 13:57:59,084 [INFO] PluginManage:310 - Check plugin cadmodel
2024-06-10 13:57:59,094 [INFO] CADModel:105 - Init CAD model plugin
2024-06-10 13:57:59,095 [INFO] PluginManage:359 - Loaded plugin cadmodel (category:power,tabindex:5)
2024-06-10 13:57:59,095 [INFO] PluginManage:310 - Check plugin clock
2024-06-10 13:57:59,120 [INFO] PluginManage:359 - Loaded plugin clock (category:base,tabindex:2)
2024-06-10 13:57:59,120 [INFO] PluginManage:310 - Check plugin ddr
2024-06-10 13:57:59,125 [INFO] PluginManage:359 - Loaded plugin ddr (category:tool,tabindex:6)
2024-06-10 13:57:59,126 [INFO] PluginManage:310 - Check plugin filemanager
2024-06-10 13:57:59,344 [INFO] PluginManage:359 - Loaded plugin filemanager (category:base,tabindex:10)
2024-06-10 13:57:59,345 [INFO] PluginManage:310 - Check plugin ipmanager
2024-06-10 13:57:59,352 [INFO] PluginManage:359 - Loaded plugin ipmanager (category:base,tabindex:5)
2024-06-10 13:57:59,352 [INFO] PluginManage:310 - Check plugin lpbam
2024-06-10 13:57:59,362 [INFO] PluginManage:359 - Loaded plugin lpbam (category:base,tabindex:0)
2024-06-10 13:57:59,362 [INFO] PluginManage:310 - Check plugin memorymap
2024-06-10 13:57:59,379 [INFO] PluginManage:359 - Loaded plugin memorymap (category:base,tabindex:4)
2024-06-10 13:57:59,380 [INFO] PluginManage:310 - Check plugin pinoutandconfiguration
2024-06-10 13:57:59,391 [INFO] PluginManage:359 - Loaded plugin pinoutandconfiguration (category:base,tabindex:1)
2024-06-10 13:57:59,391 [INFO] PluginManage:310 - Check plugin pinoutconfig
2024-06-10 13:57:59,491 [WARN] SupportedApi:132 - Cannot load RTOS API schema: s4s-elt-must-match.1: The content of 'definitions' must match (annotation?, (simpleType | complexType)?, (unique | key | keyref)*)). A problem was found starting at: attribute.
2024-06-10 13:57:59,650 [INFO] PluginManage:359 - Loaded plugin pinoutconfig (category:base,tabindex:0)
2024-06-10 13:57:59,650 [INFO] PluginManage:310 - Check plugin power
2024-06-10 13:57:59,664 [INFO] PluginManage:359 - Loaded plugin power (category:power,tabindex:4)
2024-06-10 13:57:59,664 [INFO] PluginManage:310 - Check plugin projectmanager
2024-06-10 13:57:59,681 [INFO] PluginManage:359 - Loaded plugin projectmanager (category:projectmanager,tabindex:3)
2024-06-10 13:57:59,682 [INFO] PluginManage:310 - Check plugin thirdparty
2024-06-10 13:57:59,867 [INFO] PluginManage:359 - Loaded plugin thirdparty (category:base,tabindex:-1)
2024-06-10 13:57:59,867 [WARN] IntegrityCheckThread:84 - waiting for thirdparty lock release [integrity check]
2024-06-10 13:57:59,868 [INFO] PluginManage:310 - Check plugin tools
2024-06-10 13:57:59,868 [INFO] IntegrityCheckThread:86 - entering critical section [integrity check]
2024-06-10 13:57:59,869 [INFO] ThirdPartyUpdaterWithRetryManager:70 - Updater plugin not ready yet. [1/15]
2024-06-10 13:57:59,873 [INFO] PluginManage:359 - Loaded plugin tools (category:base,tabindex:7)
2024-06-10 13:57:59,873 [INFO] PluginManage:310 - Check plugin tutovideos
2024-06-10 13:58:00,074 [INFO] PluginManage:359 - Loaded plugin tutovideos (category:base,tabindex:-1)
2024-06-10 13:58:00,074 [INFO] PluginManage:310 - Check plugin updater
2024-06-10 13:58:00,088 [INFO] PluginManage:359 - Loaded plugin updater (category:base,tabindex:12)
2024-06-10 13:58:00,088 [INFO] PluginManage:310 - Check plugin userauth
2024-06-10 13:58:00,096 [INFO] UserAuth:114 - Init User Auth plugin
2024-06-10 13:58:00,096 [INFO] PluginManage:359 - Loaded plugin userauth (category:base,tabindex:14)
2024-06-10 13:58:00,097 [INFO] PluginManage:283 - PluginManage : Loaded plugins [17]
2024-06-10 13:58:00,364 [INFO] PinOutPanel:1561 - setPackage(No Configuration,No Configuration)
2024-06-10 13:58:00,454 [INFO] CADModel:165 - CPN selected for project level
2024-06-10 13:58:00,454 [INFO] CADModel:114 - Register for checkConnection events
2024-06-10 13:58:00,476 [INFO] IPUIPlugin:80 - create IPUIPlugin
2024-06-10 13:58:00,476 [INFO] PluginManager:220 - loadIPPluginJar : add adc
2024-06-10 13:58:00,480 [INFO] IPUIPlugin:80 - create IPUIPlugin
2024-06-10 13:58:00,480 [INFO] PluginManager:220 - loadIPPluginJar : add aes
2024-06-10 13:58:00,484 [INFO] IPUIPlugin:80 - create IPUIPlugin
2024-06-10 13:58:00,484 [INFO] PluginManager:220 - loadIPPluginJar : add can
2024-06-10 13:58:00,486 [INFO] IPUIPlugin:80 - create IPUIPlugin
2024-06-10 13:58:00,486 [INFO] PluginManager:220 - loadIPPluginJar : add comp
2024-06-10 13:58:00,490 [INFO] IPUIPlugin:80 - create IPUIPlugin
2024-06-10 13:58:00,490 [INFO] PluginManager:220 - loadIPPluginJar : add cryp
2024-06-10 13:58:00,493 [INFO] IPUIPlugin:80 - create IPUIPlugin
2024-06-10 13:58:00,493 [INFO] PluginManager:220 - loadIPPluginJar : add dfsdm
2024-06-10 13:58:00,500 [INFO] IPUIPlugin:80 - create IPUIPlugin
2024-06-10 13:58:00,501 [INFO] PluginManager:220 - loadIPPluginJar : add dma
2024-06-10 13:58:00,505 [INFO] IPUIPlugin:80 - create IPUIPlugin
2024-06-10 13:58:00,505 [INFO] PluginManager:220 - loadIPPluginJar : add dma3
2024-06-10 13:58:00,508 [INFO] IPUIPlugin:80 - create IPUIPlugin
2024-06-10 13:58:00,508 [INFO] PluginManager:220 - loadIPPluginJar : add extmemmanager
2024-06-10 13:58:00,511 [INFO] IPUIPlugin:80 - create IPUIPlugin
2024-06-10 13:58:00,511 [INFO] PluginManager:220 - loadIPPluginJar : add fatfs
2024-06-10 13:58:00,516 [INFO] IPUIPlugin:80 - create IPUIPlugin
2024-06-10 13:58:00,516 [INFO] PluginManager:220 - loadIPPluginJar : add fmc
2024-06-10 13:58:00,522 [INFO] IPUIPlugin:80 - create IPUIPlugin
2024-06-10 13:58:00,522 [INFO] PluginManager:220 - loadIPPluginJar : add freertos
2024-06-10 13:58:00,524 [INFO] IPUIPlugin:80 - create IPUIPlugin
2024-06-10 13:58:00,524 [INFO] PluginManager:220 - loadIPPluginJar : add genericplugin
2024-06-10 13:58:00,527 [INFO] IPUIPlugin:80 - create IPUIPlugin
2024-06-10 13:58:00,527 [INFO] PluginManager:220 - loadIPPluginJar : add gfxmmu
2024-06-10 13:58:00,532 [INFO] IPUIPlugin:80 - create IPUIPlugin
2024-06-10 13:58:00,533 [INFO] PluginManager:220 - loadIPPluginJar : add gic
2024-06-10 13:58:00,537 [INFO] IPUIPlugin:80 - create IPUIPlugin
2024-06-10 13:58:00,537 [INFO] PluginManager:220 - loadIPPluginJar : add gpio
2024-06-10 13:58:00,541 [INFO] IPUIPlugin:80 - create IPUIPlugin
2024-06-10 13:58:00,541 [INFO] PluginManager:220 - loadIPPluginJar : add gtzc
2024-06-10 13:58:00,544 [INFO] IPUIPlugin:80 - create IPUIPlugin
2024-06-10 13:58:00,544 [INFO] PluginManager:220 - loadIPPluginJar : add hash
2024-06-10 13:58:00,549 [INFO] IPUIPlugin:80 - create IPUIPlugin
2024-06-10 13:58:00,549 [INFO] PluginManager:220 - loadIPPluginJar : add i2c
2024-06-10 13:58:00,551 [INFO] IPUIPlugin:80 - create IPUIPlugin
2024-06-10 13:58:00,552 [INFO] PluginManager:220 - loadIPPluginJar : add i2s
2024-06-10 13:58:00,554 [INFO] IPUIPlugin:80 - create IPUIPlugin
2024-06-10 13:58:00,555 [INFO] PluginManager:220 - loadIPPluginJar : add i3c
2024-06-10 13:58:00,559 [INFO] IPUIPlugin:80 - create IPUIPlugin
2024-06-10 13:58:00,559 [INFO] PluginManager:220 - loadIPPluginJar : add ipddr
2024-06-10 13:58:00,566 [INFO] IPUIPlugin:80 - create IPUIPlugin
2024-06-10 13:58:00,566 [INFO] PluginManager:220 - loadIPPluginJar : add linkedlist
2024-06-10 13:58:00,569 [INFO] IPUIPlugin:80 - create IPUIPlugin
2024-06-10 13:58:00,570 [INFO] PluginManager:220 - loadIPPluginJar : add lorawan
2024-06-10 13:58:00,573 [INFO] IPUIPlugin:80 - create IPUIPlugin
2024-06-10 13:58:00,573 [INFO] PluginManager:220 - loadIPPluginJar : add ltdc
2024-06-10 13:58:00,578 [INFO] IPUIPlugin:80 - create IPUIPlugin
2024-06-10 13:58:00,578 [INFO] PluginManager:220 - loadIPPluginJar : add mdma
2024-06-10 13:58:00,583 [INFO] IPUIPlugin:80 - create IPUIPlugin
2024-06-10 13:58:00,583 [INFO] PluginManager:220 - loadIPPluginJar : add nvic
2024-06-10 13:58:00,587 [INFO] IPUIPlugin:80 - create IPUIPlugin
2024-06-10 13:58:00,587 [INFO] PluginManager:220 - loadIPPluginJar : add opamp
2024-06-10 13:58:00,590 [INFO] IPUIPlugin:80 - create IPUIPlugin
2024-06-10 13:58:00,591 [INFO] PluginManager:220 - loadIPPluginJar : add openamp
2024-06-10 13:58:00,594 [INFO] IPUIPlugin:80 - create IPUIPlugin
2024-06-10 13:58:00,594 [INFO] PluginManager:220 - loadIPPluginJar : add pdm2pcm
2024-06-10 13:58:00,601 [INFO] IPUIPlugin:80 - create IPUIPlugin
2024-06-10 13:58:00,603 [INFO] PluginManager:220 - loadIPPluginJar : add plateformsettings
2024-06-10 13:58:00,605 [INFO] IPUIPlugin:80 - create IPUIPlugin
2024-06-10 13:58:00,605 [INFO] PluginManager:220 - loadIPPluginJar : add quadspi
2024-06-10 13:58:00,610 [INFO] IPUIPlugin:80 - create IPUIPlugin
2024-06-10 13:58:00,610 [INFO] PluginManager:220 - loadIPPluginJar : add resmgrutility
2024-06-10 13:58:00,614 [INFO] IPUIPlugin:80 - create IPUIPlugin
2024-06-10 13:58:00,614 [INFO] PluginManager:220 - loadIPPluginJar : add sai
2024-06-10 13:58:00,617 [INFO] IPUIPlugin:80 - create IPUIPlugin
2024-06-10 13:58:00,617 [INFO] PluginManager:220 - loadIPPluginJar : add spi
2024-06-10 13:58:00,624 [INFO] IPUIPlugin:80 - create IPUIPlugin
2024-06-10 13:58:00,624 [INFO] PluginManager:220 - loadIPPluginJar : add stm32_wpan
2024-06-10 13:58:00,627 [INFO] IPUIPlugin:80 - create IPUIPlugin
2024-06-10 13:58:00,627 [INFO] PluginManager:220 - loadIPPluginJar : add tim
2024-06-10 13:58:00,632 [INFO] IPUIPlugin:80 - create IPUIPlugin
2024-06-10 13:58:00,632 [INFO] PluginManager:220 - loadIPPluginJar : add touchsensing
2024-06-10 13:58:00,634 [INFO] IPUIPlugin:80 - create IPUIPlugin
2024-06-10 13:58:00,634 [INFO] PluginManager:220 - loadIPPluginJar : add tracer_emb
2024-06-10 13:58:00,637 [INFO] IPUIPlugin:80 - create IPUIPlugin
2024-06-10 13:58:00,637 [INFO] PluginManager:220 - loadIPPluginJar : add ts
2024-06-10 13:58:00,639 [INFO] IPUIPlugin:80 - create IPUIPlugin
2024-06-10 13:58:00,640 [INFO] PluginManager:220 - loadIPPluginJar : add tsc
2024-06-10 13:58:00,642 [INFO] IPUIPlugin:80 - create IPUIPlugin
2024-06-10 13:58:00,642 [INFO] PluginManager:220 - loadIPPluginJar : add ucpd
2024-06-10 13:58:00,646 [INFO] IPUIPlugin:80 - create IPUIPlugin
2024-06-10 13:58:00,646 [INFO] PluginManager:220 - loadIPPluginJar : add usart
2024-06-10 13:58:00,650 [INFO] IPUIPlugin:80 - create IPUIPlugin
2024-06-10 13:58:00,650 [INFO] PluginManager:220 - loadIPPluginJar : add usbx
2024-06-10 13:58:00,785 [INFO] CADModel:165 - CPN selected for project level
2024-06-10 13:58:00,785 [INFO] CADModel:114 - Register for checkConnection events
2024-06-10 13:58:00,785 [FATAL] Updater:308 - Updater called before beeing initialized
2024-06-10 13:58:00,785 [ERROR] CADModel:125 - Updater not yet initialized, retry later 
2024-06-10 13:58:00,983 [INFO] CADModel:165 - CPN selected for project level
2024-06-10 13:58:00,983 [INFO] CADModel:114 - Register for checkConnection events
2024-06-10 13:58:00,983 [FATAL] Updater:308 - Updater called before beeing initialized
2024-06-10 13:58:00,983 [ERROR] CADModel:125 - Updater not yet initialized, retry later 
2024-06-10 13:58:00,990 [FATAL] Updater:308 - Updater called before beeing initialized
2024-06-10 13:58:01,134 [FATAL] Updater:308 - Updater called before beeing initialized
2024-06-10 13:58:01,139 [INFO] DbMcusAds:53 - JSON generation date=Thu May 16 14:52:00 IST 2024 (1715851320852)
2024-06-10 13:58:01,139 [FATAL] Updater:308 - Updater called before beeing initialized
2024-06-10 13:58:01,177 [WARN] DetailPanel:346 - Failed to get advertising image, set to default
2024-06-10 13:58:01,261 [FATAL] Updater:308 - Updater called before beeing initialized
2024-06-10 13:58:01,263 [FATAL] Updater:308 - Updater called before beeing initialized
2024-06-10 13:58:01,263 [FATAL] Updater:308 - Updater called before beeing initialized
2024-06-10 13:58:01,264 [WARN] DetailPanel:346 - Failed to get advertising image, set to default
2024-06-10 13:58:01,264 [FATAL] Updater:308 - Updater called before beeing initialized
2024-06-10 13:58:01,322 [ERROR] Updater:1120 - MainUpdater not yet initialized. External WinMGr cannot be set.
2024-06-10 13:58:01,326 [INFO] Updater:1056 - Updater Version found : 6.11.1
2024-06-10 13:58:01,355 [INFO] ApplicationProperties:184 - Using Application install path: C:\ST\STM32CubeIDE_1.15.1\STM32CubeIDE\plugins\com.st.stm32cube.common.mx_6.11.1.202404110753
2024-06-10 13:58:02,871 [INFO] ThirdPartyUpdaterWithRetryManager:70 - Updater plugin not ready yet. [2/15]
2024-06-10 13:58:02,932 [ERROR] LogOutputStream:75 - [STDERR_REDIRECT] Jun 10, 2024 1:58:02 PM java.util.prefs.WindowsPreferences <init>
2024-06-10 13:58:02,935 [ERROR] LogOutputStream:75 - [STDERR_REDIRECT] WARNING: Could not open/create prefs root node Software\JavaSoft\Prefs at root 0xffffffff80000002. Windows RegCreateKeyEx(...) returned error code 5.
2024-06-10 13:58:02,935 [ERROR] LogOutputStream:75 - [STDERR_REDIRECT] 
2024-06-10 13:58:03,221 [INFO] MainUpdater:2873 - connection check result : 22
2024-06-10 13:58:03,221 [INFO] MainUpdater:290 - Updater Check For Update Now.
2024-06-10 13:58:03,222 [INFO] MicroXplorer:498 - Change Database Version : DB.6.0.111
2024-06-10 13:58:03,238 [INFO] McuFinderGlobals:63 - Set McuFinder mode to 2 (CubeIDE integrated)
2024-06-10 13:58:03,239 [INFO] UserAuth:179 - activating auth plugin
2024-06-10 13:58:03,243 [INFO] UserAuth:415 - Internet connection configuration mode: 2
2024-06-10 13:58:03,271 [INFO] UserAuth:415 - Internet connection configuration mode: 2
2024-06-10 13:58:03,420 [INFO] CheckServerUpdateThread:120 - End of CheckServer Thread
2024-06-10 13:58:06,092 [WARN] PackLoader:240 - Cannot read IP mode file for STMicroelectronics.FP-SNS-MOTENVWB1.1.4.0
2024-06-10 13:58:06,103 [WARN] PackLoader:240 - Cannot read IP mode file for STMicroelectronics.X-CUBE-SMBUS.2.1.0
2024-06-10 13:58:06,110 [WARN] PackLoader:240 - Cannot read IP mode file for STMicroelectronics.X-CUBE-TOUCHGFX.4.23.2
2024-06-10 13:58:06,144 [WARN] PackLoader:240 - Cannot read IP mode file for STMicroelectronics.X-CUBE-AZRTOS-F7.1.1.0
2024-06-10 13:58:06,157 [WARN] PackLoader:240 - Cannot read IP mode file for STMicroelectronics.FP-SNS-FLIGHT1.5.0.2
2024-06-10 13:58:06,169 [WARN] PackLoader:240 - Cannot read IP mode file for STMicroelectronics.X-CUBE-DISPLAY.3.0.0
2024-06-10 13:58:06,190 [WARN] PackLoader:240 - Cannot read IP mode file for STMicroelectronics.X-CUBE-BLE1.7.0.0
2024-06-10 13:58:06,199 [WARN] PackLoader:240 - Cannot read IP mode file for emotas.I-CUBE-CANOPEN.1.3.0
2024-06-10 13:58:06,212 [WARN] PackLoader:240 - Cannot read IP mode file for STMicroelectronics.X-CUBE-BLEMGR.3.1.0
2024-06-10 13:58:06,222 [WARN] PackLoader:240 - Cannot read IP mode file for STMicroelectronics.FP-SNS-SMARTAG2.1.2.0
2024-06-10 13:58:06,240 [INFO] LogOutputStream:77 - [STDOUT_REDIRECT] 1 : Invalid condition id : UX_CORESTACK_Condition cause : null
2024-06-10 13:58:06,242 [INFO] LogOutputStream:77 - [STDOUT_REDIRECT] 1 : Invalid condition id : UX_CORESTACK_Condition cause : null
2024-06-10 13:58:06,244 [INFO] LogOutputStream:77 - [STDOUT_REDIRECT] 1 : Invalid condition id : UX_CORESTACK_Condition cause : null
2024-06-10 13:58:06,245 [INFO] LogOutputStream:77 - [STDOUT_REDIRECT] 1 : Invalid condition id : UX_CORESTACK_Condition cause : null
2024-06-10 13:58:06,247 [INFO] LogOutputStream:77 - [STDOUT_REDIRECT] 1 : Invalid condition id : UX_CORESTACK_Condition cause : null
2024-06-10 13:58:06,250 [WARN] PackLoader:240 - Cannot read IP mode file for STMicroelectronics.X-CUBE-AZRTOS-WL.2.0.0
2024-06-10 13:58:06,258 [WARN] PackLoader:240 - Cannot read IP mode file for STMicroelectronics.FP-SNS-MOTENV1.5.0.0
2024-06-10 13:58:06,263 [WARN] PackLoader:240 - Cannot read IP mode file for wolfSSL.I-CUBE-wolfMQTT.1.19.0
2024-06-10 13:58:06,277 [WARN] PackLoader:240 - Cannot read IP mode file for WES.I-CUBE-Cesium.1.3.0
2024-06-10 13:58:06,283 [WARN] PackLoader:240 - Cannot read IP mode file for STMicroelectronics.X-CUBE-BLE2.3.3.0
2024-06-10 13:58:06,289 [WARN] PackLoader:240 - Cannot read IP mode file for STMicroelectronics.X-CUBE-TCPP.4.1.0
2024-06-10 13:58:06,305 [WARN] PackLoader:240 - Cannot read IP mode file for STMicroelectronics.X-CUBE-AZRTOS-G0.1.1.0
2024-06-10 13:58:06,313 [WARN] PackLoader:240 - Cannot read IP mode file for STMicroelectronics.X-CUBE-SAFEA1.1.2.2
2024-06-10 13:58:06,320 [WARN] PackLoader:240 - Cannot read IP mode file for STMicroelectronics.X-CUBE-NFC4.3.0.0
2024-06-10 13:58:06,326 [WARN] PackLoader:240 - Cannot read IP mode file for wolfSSL.I-CUBE-wolfSSL.5.7.0
2024-06-10 13:58:06,331 [WARN] PackLoader:240 - Cannot read IP mode file for STMicroelectronics.FP-ATR-SIGFOX1.3.2.0
2024-06-10 13:58:06,337 [WARN] PackLoader:240 - Cannot read IP mode file for STMicroelectronics.X-CUBE-EEPRMA1.5.1.0
2024-06-10 13:58:06,344 [WARN] PackLoader:240 - Cannot read IP mode file for ITTIA_DB.I-CUBE-ITTIADB.8.9.0
2024-06-10 13:58:06,375 [WARN] PackLoader:240 - Cannot read IP mode file for SEGGER.I-CUBE-embOS.1.3.1
2024-06-10 13:58:06,415 [WARN] PackLoader:240 - Cannot read IP mode file for STMicroelectronics.X-CUBE-ALGOBUILD.1.4.0
2024-06-10 13:58:06,421 [WARN] PackLoader:240 - Cannot read IP mode file for STMicroelectronics.X-CUBE-GNSS1.6.0.0
2024-06-10 13:58:06,440 [WARN] PackLoader:240 - Cannot read IP mode file for STMicroelectronics.X-CUBE-AZRTOS-F4.1.1.0
2024-06-10 13:58:06,448 [WARN] PackLoader:240 - Cannot read IP mode file for STMicroelectronics.X-CUBE-FREERTOS.1.2.0
2024-06-10 13:58:06,466 [WARN] PackLoader:240 - Cannot read IP mode file for STMicroelectronics.X-CUBE-AZRTOS-L5.2.0.0
2024-06-10 13:58:06,478 [WARN] PackLoader:240 - Cannot read IP mode file for STMicroelectronics.X-CUBE-NFC6.3.1.0
2024-06-10 13:58:06,488 [WARN] PackLoader:240 - Cannot read IP mode file for STMicroelectronics.X-CUBE-AI.9.0.0
2024-06-10 13:58:06,497 [WARN] PackLoader:240 - Cannot read IP mode file for STMicroelectronics.X-CUBE-NFC7.1.0.1
2024-06-10 13:58:06,519 [WARN] ConditionMgr:438 - getConditionDescription Invalid condition id : LAN8742 Phy interface Condition cause : null
2024-06-10 13:58:06,520 [WARN] PackLoader:240 - Cannot read IP mode file for STMicroelectronics.X-CUBE-AZRTOS-L4.2.0.0
2024-06-10 13:58:06,522 [WARN] ConditionMgr:1039 - genDependencies : Invalid condition id : LAN8742 Phy interface Condition cause : null
2024-06-10 13:58:06,523 [WARN] ConditionMgr:1039 - genDependencies : Invalid condition id : LAN8742 Phy interface Condition cause : null
2024-06-10 13:58:06,523 [WARN] ConditionMgr:1039 - genDependencies : Invalid condition id : LAN8742 Phy interface Condition cause : null
2024-06-10 13:58:06,531 [WARN] PackLoader:240 - Cannot read IP mode file for STMicroelectronics.X-CUBE-SFXS2LP1.4.0.0
2024-06-10 13:58:06,544 [WARN] ConditionMgr:438 - getConditionDescription Invalid condition id : UX DEVICE CLASS RTOS Condition cause : null
2024-06-10 13:58:06,545 [WARN] ConditionMgr:438 - getConditionDescription Invalid condition id : UX DEVICE CLASS RTOS Condition cause : null
2024-06-10 13:58:06,547 [WARN] PackLoader:240 - Cannot read IP mode file for STMicroelectronics.X-CUBE-AZRTOS-WB.2.0.0
2024-06-10 13:58:06,549 [WARN] ConditionMgr:1039 - genDependencies : Invalid condition id : UX DEVICE CLASS RTOS Condition cause : null
2024-06-10 13:58:06,549 [WARN] ConditionMgr:1039 - genDependencies : Invalid condition id : UX DEVICE CLASS RTOS Condition cause : null
2024-06-10 13:58:06,550 [WARN] ConditionMgr:1039 - genDependencies : Invalid condition id : UX DEVICE CLASS RTOS Condition cause : null
2024-06-10 13:58:06,551 [WARN] ConditionMgr:1039 - genDependencies : Invalid condition id : UX DEVICE CLASS RTOS Condition cause : null
2024-06-10 13:58:06,551 [WARN] ConditionMgr:1039 - genDependencies : Invalid condition id : UX DEVICE CLASS RTOS Condition cause : null
2024-06-10 13:58:06,563 [WARN] PackLoader:240 - Cannot read IP mode file for STMicroelectronics.X-CUBE-SUBG2.5.0.0
2024-06-10 13:58:06,573 [WARN] PackLoader:240 - Cannot read IP mode file for Cesanta.I-CUBE-Mongoose.7.13.0
2024-06-10 13:58:06,589 [WARN] PackLoader:240 - Cannot read IP mode file for STMicroelectronics.X-CUBE-AZRTOS-G4.2.0.0
2024-06-10 13:58:06,598 [WARN] PackLoader:240 - Cannot read IP mode file for STMicroelectronics.X-CUBE-ISPU.2.0.0
2024-06-10 13:58:06,608 [WARN] PackLoader:240 - Cannot read IP mode file for STMicroelectronics.X-CUBE-ALS.1.0.2
2024-06-10 13:58:06,648 [WARN] PackLoader:240 - Cannot read IP mode file for STMicroelectronics.X-CUBE-MEMS1.10.0.0
2024-06-10 13:58:06,761 [WARN] PackLoader:240 - Cannot read IP mode file for portGmbH.I-Cube-SoM-uGOAL.1.1.0
2024-06-10 13:58:06,776 [WARN] PackLoader:240 - Cannot read IP mode file for STMicroelectronics.X-CUBE-AZRTOS-H7RS.1.0.0
2024-06-10 13:58:06,784 [WARN] PackLoader:240 - Cannot read IP mode file for STMicroelectronics.FP-ATR-ASTRA1.2.0.0
2024-06-10 13:58:06,794 [WARN] PackLoader:240 - Cannot read IP mode file for STMicroelectronics.X-CUBE-TOF1.3.4.1
2024-06-10 13:58:06,816 [WARN] PackLoader:240 - Cannot read IP mode file for STMicroelectronics.X-CUBE-AZRTOS-H7.3.2.0
2024-06-10 13:58:06,830 [WARN] PackLoader:240 - Cannot read IP mode file for Infineon.AIROC-Wi-Fi-Bluetooth-STM32.1.6.0
2024-06-10 13:58:06,833 [INFO] ThirdParty:978 - Integrity check success = true
2024-06-10 13:58:06,834 [INFO] IntegrityCheckThread:100 - exiting critical section [integrity check]
2024-06-10 13:58:06,834 [INFO] IntegrityCheckThread:103 - End integrity checks thread
2024-06-10 22:02:03,001 [ERROR] ConfigurationRetriever:142 - IOException on connection: sw-center.st.com
2024-06-10 22:02:03,001 [ERROR] ConfigurationRetriever:142 - IOException on connection: sw-center.st.com
2024-06-10 22:02:03,001 [ERROR] ConfigurationRetriever:142 - IOException on connection: sw-center.st.com
2024-06-10 22:02:04,408 [ERROR] LogOutputStream:75 - [STDERR_REDIRECT] 
