2024-06-07 22:57:13,355 [INFO] Activator:176 - 


2024-06-07 22:57:13,357 [INFO] Activator:177 - !SESSION log4j initialized
2024-06-07 22:57:16,269 [INFO] LogOutputStream:77 - [STDOUT_REDIRECT] 
2024-06-07 22:57:18,968 [INFO] ApplicationProperties:184 - Using Application install path: C:\ST\STM32CubeIDE_1.15.1\STM32CubeIDE\plugins\com.st.stm32cube.common.mx_6.11.1.202404110753
2024-06-07 22:57:19,003 [INFO] DbMcusXml:78 - Set database path to: C:\ST\STM32CubeIDE_1.15.1\STM32CubeIDE\plugins\com.st.stm32cube.common.mx_6.11.1.202404110753\\db\/mcu/
2024-06-07 22:57:19,003 [INFO] ApiDb:274 - Set plugin database path to: C:\ST\STM32CubeIDE_1.15.1\STM32CubeIDE\plugins\com.st.stm32cube.common.mx_6.11.1.202404110753\\db\/plugins/boardmanager/
2024-06-07 22:57:19,004 [WARN] ApiDb:259 - Overriding images path with different value:  => C:\ST\STM32CubeIDE_1.15.1\STM32CubeIDE\plugins\com.st.stm32cube.common.mx_6.11.1.202404110753\\db\/plugins/mcufinder/images/
2024-06-07 22:57:19,021 [INFO] ApiDb:250 - Set database path to: C:\Users\antor\.stmcufinder\plugins\mcufinder//mcu/
2024-06-07 22:57:19,022 [INFO] DbMcusAds:125 - Set database path to: C:\Users\antor\.stmcufinder\plugins\mcufinder//mcu/
2024-06-07 22:57:19,026 [INFO] CrossReferenceDbSqlite:203 - Set database path to: C:\Users\antor\.stmcufinder\plugins\mcufinder//mcu/cs/
2024-06-07 22:57:19,183 [INFO] RulesReader:64 - Compatibility file has been processed (297 Rules)
2024-06-07 22:57:19,307 [INFO] DbMcusXml:78 - Set database path to: C:\ST\STM32CubeIDE_1.15.1\STM32CubeIDE\plugins\com.st.stm32cube.common.mx_6.11.1.202404110753\\db\/mcu/
2024-06-07 22:57:19,307 [INFO] ApiDb:274 - Set plugin database path to: C:\ST\STM32CubeIDE_1.15.1\STM32CubeIDE\plugins\com.st.stm32cube.common.mx_6.11.1.202404110753\\db\/plugins/boardmanager/
2024-06-07 22:57:19,307 [INFO] ApiDb:261 - Set plugin images path to: C:\ST\STM32CubeIDE_1.15.1\STM32CubeIDE\plugins\com.st.stm32cube.common.mx_6.11.1.202404110753\\db\/plugins/mcufinder/images/
2024-06-07 22:57:19,308 [WARN] DbFile:41 - Overriding database path with different value: C:\Users\antor\.stmcufinder\plugins\mcufinder/ => C:\Users\antor\.stmcufinder\plugins\mcufinder
2024-06-07 22:57:19,308 [INFO] ApiDb:250 - Set database path to: C:\Users\antor\.stmcufinder\plugins\mcufinder//mcu/
2024-06-07 22:57:19,308 [WARN] DbFile:41 - Overriding database path with different value: C:\Users\antor\.stmcufinder\plugins\mcufinder/ => C:\Users\antor\.stmcufinder\plugins\mcufinder
2024-06-07 22:57:19,308 [INFO] DbMcusAds:125 - Set database path to: C:\Users\antor\.stmcufinder\plugins\mcufinder//mcu/
2024-06-07 22:57:19,308 [WARN] DbFile:41 - Overriding database path with different value: C:\Users\antor\.stmcufinder\plugins\mcufinder/ => C:\Users\antor\.stmcufinder\plugins\mcufinder
2024-06-07 22:57:19,308 [WARN] DbFile:41 - Overriding database path with different value: C:\Users\antor\.stmcufinder\plugins\mcufinder/ => C:\Users\antor\.stmcufinder\plugins\mcufinder
2024-06-07 22:57:19,308 [INFO] CrossReferenceDbSqlite:203 - Set database path to: C:\Users\antor\.stmcufinder\plugins\mcufinder//mcu/cs/
2024-06-07 22:57:19,399 [INFO] MainPanel:264 - HeapMemory: 268435456
2024-06-07 22:57:19,508 [INFO] DbMcusXml:78 - Set database path to: C:\ST\STM32CubeIDE_1.15.1\STM32CubeIDE\plugins\com.st.stm32cube.common.mx_6.11.1.202404110753\\db\/mcu/
2024-06-07 22:57:19,509 [INFO] ApiDb:274 - Set plugin database path to: C:\ST\STM32CubeIDE_1.15.1\STM32CubeIDE\plugins\com.st.stm32cube.common.mx_6.11.1.202404110753\\db\/plugins/boardmanager/
2024-06-07 22:57:19,509 [INFO] ApiDb:261 - Set plugin images path to: C:\ST\STM32CubeIDE_1.15.1\STM32CubeIDE\plugins\com.st.stm32cube.common.mx_6.11.1.202404110753\\db\/plugins/mcufinder/images/
2024-06-07 22:57:19,514 [WARN] DbFile:41 - Overriding database path with different value: C:\Users\antor\.stmcufinder\plugins\mcufinder/ => C:\Users\antor\.stmcufinder\plugins\mcufinder
2024-06-07 22:57:19,515 [INFO] ApiDb:250 - Set database path to: C:\Users\antor\.stmcufinder\plugins\mcufinder//mcu/
2024-06-07 22:57:19,515 [WARN] DbFile:41 - Overriding database path with different value: C:\Users\antor\.stmcufinder\plugins\mcufinder/ => C:\Users\antor\.stmcufinder\plugins\mcufinder
2024-06-07 22:57:19,515 [INFO] DbMcusAds:125 - Set database path to: C:\Users\antor\.stmcufinder\plugins\mcufinder//mcu/
2024-06-07 22:57:19,515 [WARN] DbFile:41 - Overriding database path with different value: C:\Users\antor\.stmcufinder\plugins\mcufinder/ => C:\Users\antor\.stmcufinder\plugins\mcufinder
2024-06-07 22:57:19,515 [WARN] DbFile:41 - Overriding database path with different value: C:\Users\antor\.stmcufinder\plugins\mcufinder/ => C:\Users\antor\.stmcufinder\plugins\mcufinder
2024-06-07 22:57:19,515 [INFO] CrossReferenceDbSqlite:203 - Set database path to: C:\Users\antor\.stmcufinder\plugins\mcufinder//mcu/cs/
2024-06-07 22:57:19,535 [INFO] ApplicationProperties:184 - Using Application install path: C:\ST\STM32CubeIDE_1.15.1\STM32CubeIDE\plugins\com.st.stm32cube.common.mx_6.11.1.202404110753
2024-06-07 22:57:19,537 [INFO] PluginManage:196 - Search for loadable plugins [exclusion list=, ]
2024-06-07 22:57:19,539 [INFO] PluginManage:310 - Check plugin analytics
2024-06-07 22:57:19,741 [INFO] AnalyticsPlugin:253 - Accepted Software Licenses: 
2024-06-07 22:57:19,742 [INFO] AnalyticsPlugin:255 - Accepted CMSIS Pack Licenses: 
2024-06-07 22:57:19,742 [INFO] AnalyticsPlugin:257 - Accepted Firmware Licenses: 
2024-06-07 22:57:19,744 [INFO] PluginManage:359 - Loaded plugin analytics (category:tool,tabindex:-1)
2024-06-07 22:57:19,746 [INFO] PluginManage:310 - Check plugin cadmodel
2024-06-07 22:57:19,753 [INFO] CADModel:105 - Init CAD model plugin
2024-06-07 22:57:19,753 [INFO] PluginManage:359 - Loaded plugin cadmodel (category:power,tabindex:5)
2024-06-07 22:57:19,754 [INFO] PluginManage:310 - Check plugin clock
2024-06-07 22:57:19,770 [INFO] PluginManage:359 - Loaded plugin clock (category:base,tabindex:2)
2024-06-07 22:57:19,770 [INFO] PluginManage:310 - Check plugin ddr
2024-06-07 22:57:19,775 [INFO] PluginManage:359 - Loaded plugin ddr (category:tool,tabindex:6)
2024-06-07 22:57:19,775 [INFO] PluginManage:310 - Check plugin filemanager
2024-06-07 22:57:19,980 [INFO] PluginManage:359 - Loaded plugin filemanager (category:base,tabindex:10)
2024-06-07 22:57:19,981 [INFO] PluginManage:310 - Check plugin ipmanager
2024-06-07 22:57:19,991 [INFO] PluginManage:359 - Loaded plugin ipmanager (category:base,tabindex:5)
2024-06-07 22:57:19,991 [INFO] PluginManage:310 - Check plugin lpbam
2024-06-07 22:57:20,005 [INFO] PluginManage:359 - Loaded plugin lpbam (category:base,tabindex:0)
2024-06-07 22:57:20,005 [INFO] PluginManage:310 - Check plugin memorymap
2024-06-07 22:57:20,036 [INFO] PluginManage:359 - Loaded plugin memorymap (category:base,tabindex:4)
2024-06-07 22:57:20,037 [INFO] PluginManage:310 - Check plugin pinoutandconfiguration
2024-06-07 22:57:20,051 [INFO] PluginManage:359 - Loaded plugin pinoutandconfiguration (category:base,tabindex:1)
2024-06-07 22:57:20,051 [INFO] PluginManage:310 - Check plugin pinoutconfig
2024-06-07 22:57:20,159 [WARN] SupportedApi:132 - Cannot load RTOS API schema: s4s-elt-must-match.1: The content of 'definitions' must match (annotation?, (simpleType | complexType)?, (unique | key | keyref)*)). A problem was found starting at: attribute.
2024-06-07 22:57:20,366 [INFO] PluginManage:359 - Loaded plugin pinoutconfig (category:base,tabindex:0)
2024-06-07 22:57:20,366 [INFO] PluginManage:310 - Check plugin power
2024-06-07 22:57:20,377 [INFO] PluginManage:359 - Loaded plugin power (category:power,tabindex:4)
2024-06-07 22:57:20,378 [INFO] PluginManage:310 - Check plugin projectmanager
2024-06-07 22:57:20,395 [INFO] PluginManage:359 - Loaded plugin projectmanager (category:projectmanager,tabindex:3)
2024-06-07 22:57:20,395 [INFO] PluginManage:310 - Check plugin thirdparty
2024-06-07 22:57:20,554 [WARN] IntegrityCheckThread:84 - waiting for thirdparty lock release [integrity check]
2024-06-07 22:57:20,554 [INFO] IntegrityCheckThread:86 - entering critical section [integrity check]
2024-06-07 22:57:20,554 [INFO] PluginManage:359 - Loaded plugin thirdparty (category:base,tabindex:-1)
2024-06-07 22:57:20,555 [INFO] PluginManage:310 - Check plugin tools
2024-06-07 22:57:20,556 [INFO] ThirdPartyUpdaterWithRetryManager:70 - Updater plugin not ready yet. [1/15]
2024-06-07 22:57:20,561 [INFO] PluginManage:359 - Loaded plugin tools (category:base,tabindex:7)
2024-06-07 22:57:20,561 [INFO] PluginManage:310 - Check plugin tutovideos
2024-06-07 22:57:20,741 [INFO] PluginManage:359 - Loaded plugin tutovideos (category:base,tabindex:-1)
2024-06-07 22:57:20,741 [INFO] PluginManage:310 - Check plugin updater
2024-06-07 22:57:20,753 [INFO] PluginManage:359 - Loaded plugin updater (category:base,tabindex:12)
2024-06-07 22:57:20,753 [INFO] PluginManage:310 - Check plugin userauth
2024-06-07 22:57:20,759 [INFO] UserAuth:114 - Init User Auth plugin
2024-06-07 22:57:20,759 [INFO] PluginManage:359 - Loaded plugin userauth (category:base,tabindex:14)
2024-06-07 22:57:20,759 [INFO] PluginManage:283 - PluginManage : Loaded plugins [17]
2024-06-07 22:57:20,993 [INFO] PinOutPanel:1561 - setPackage(No Configuration,No Configuration)
2024-06-07 22:57:21,109 [INFO] CADModel:165 - CPN selected for project level
2024-06-07 22:57:21,111 [INFO] CADModel:114 - Register for checkConnection events
2024-06-07 22:57:21,135 [INFO] IPUIPlugin:80 - create IPUIPlugin
2024-06-07 22:57:21,135 [INFO] PluginManager:220 - loadIPPluginJar : add adc
2024-06-07 22:57:21,139 [INFO] IPUIPlugin:80 - create IPUIPlugin
2024-06-07 22:57:21,139 [INFO] PluginManager:220 - loadIPPluginJar : add aes
2024-06-07 22:57:21,143 [INFO] IPUIPlugin:80 - create IPUIPlugin
2024-06-07 22:57:21,143 [INFO] PluginManager:220 - loadIPPluginJar : add can
2024-06-07 22:57:21,145 [INFO] IPUIPlugin:80 - create IPUIPlugin
2024-06-07 22:57:21,145 [INFO] PluginManager:220 - loadIPPluginJar : add comp
2024-06-07 22:57:21,149 [INFO] IPUIPlugin:80 - create IPUIPlugin
2024-06-07 22:57:21,149 [INFO] PluginManager:220 - loadIPPluginJar : add cryp
2024-06-07 22:57:21,154 [INFO] IPUIPlugin:80 - create IPUIPlugin
2024-06-07 22:57:21,154 [INFO] PluginManager:220 - loadIPPluginJar : add dfsdm
2024-06-07 22:57:21,162 [INFO] IPUIPlugin:80 - create IPUIPlugin
2024-06-07 22:57:21,162 [INFO] PluginManager:220 - loadIPPluginJar : add dma
2024-06-07 22:57:21,166 [INFO] IPUIPlugin:80 - create IPUIPlugin
2024-06-07 22:57:21,166 [INFO] PluginManager:220 - loadIPPluginJar : add dma3
2024-06-07 22:57:21,170 [INFO] IPUIPlugin:80 - create IPUIPlugin
2024-06-07 22:57:21,170 [INFO] PluginManager:220 - loadIPPluginJar : add extmemmanager
2024-06-07 22:57:21,172 [INFO] IPUIPlugin:80 - create IPUIPlugin
2024-06-07 22:57:21,172 [INFO] PluginManager:220 - loadIPPluginJar : add fatfs
2024-06-07 22:57:21,177 [INFO] IPUIPlugin:80 - create IPUIPlugin
2024-06-07 22:57:21,177 [INFO] PluginManager:220 - loadIPPluginJar : add fmc
2024-06-07 22:57:21,184 [INFO] IPUIPlugin:80 - create IPUIPlugin
2024-06-07 22:57:21,184 [INFO] PluginManager:220 - loadIPPluginJar : add freertos
2024-06-07 22:57:21,187 [INFO] IPUIPlugin:80 - create IPUIPlugin
2024-06-07 22:57:21,187 [INFO] PluginManager:220 - loadIPPluginJar : add genericplugin
2024-06-07 22:57:21,191 [INFO] IPUIPlugin:80 - create IPUIPlugin
2024-06-07 22:57:21,191 [INFO] PluginManager:220 - loadIPPluginJar : add gfxmmu
2024-06-07 22:57:21,198 [INFO] IPUIPlugin:80 - create IPUIPlugin
2024-06-07 22:57:21,198 [INFO] PluginManager:220 - loadIPPluginJar : add gic
2024-06-07 22:57:21,203 [INFO] IPUIPlugin:80 - create IPUIPlugin
2024-06-07 22:57:21,204 [INFO] PluginManager:220 - loadIPPluginJar : add gpio
2024-06-07 22:57:21,208 [INFO] IPUIPlugin:80 - create IPUIPlugin
2024-06-07 22:57:21,208 [INFO] PluginManager:220 - loadIPPluginJar : add gtzc
2024-06-07 22:57:21,212 [INFO] IPUIPlugin:80 - create IPUIPlugin
2024-06-07 22:57:21,213 [INFO] PluginManager:220 - loadIPPluginJar : add hash
2024-06-07 22:57:21,217 [INFO] IPUIPlugin:80 - create IPUIPlugin
2024-06-07 22:57:21,217 [INFO] PluginManager:220 - loadIPPluginJar : add i2c
2024-06-07 22:57:21,221 [INFO] IPUIPlugin:80 - create IPUIPlugin
2024-06-07 22:57:21,221 [INFO] PluginManager:220 - loadIPPluginJar : add i2s
2024-06-07 22:57:21,225 [INFO] IPUIPlugin:80 - create IPUIPlugin
2024-06-07 22:57:21,226 [INFO] PluginManager:220 - loadIPPluginJar : add i3c
2024-06-07 22:57:21,229 [INFO] IPUIPlugin:80 - create IPUIPlugin
2024-06-07 22:57:21,230 [INFO] PluginManager:220 - loadIPPluginJar : add ipddr
2024-06-07 22:57:21,241 [INFO] IPUIPlugin:80 - create IPUIPlugin
2024-06-07 22:57:21,241 [INFO] PluginManager:220 - loadIPPluginJar : add linkedlist
2024-06-07 22:57:21,245 [INFO] IPUIPlugin:80 - create IPUIPlugin
2024-06-07 22:57:21,245 [INFO] PluginManager:220 - loadIPPluginJar : add lorawan
2024-06-07 22:57:21,248 [INFO] IPUIPlugin:80 - create IPUIPlugin
2024-06-07 22:57:21,249 [INFO] PluginManager:220 - loadIPPluginJar : add ltdc
2024-06-07 22:57:21,255 [INFO] IPUIPlugin:80 - create IPUIPlugin
2024-06-07 22:57:21,256 [INFO] PluginManager:220 - loadIPPluginJar : add mdma
2024-06-07 22:57:21,259 [INFO] IPUIPlugin:80 - create IPUIPlugin
2024-06-07 22:57:21,261 [INFO] PluginManager:220 - loadIPPluginJar : add nvic
2024-06-07 22:57:21,264 [INFO] IPUIPlugin:80 - create IPUIPlugin
2024-06-07 22:57:21,264 [INFO] PluginManager:220 - loadIPPluginJar : add opamp
2024-06-07 22:57:21,268 [INFO] IPUIPlugin:80 - create IPUIPlugin
2024-06-07 22:57:21,268 [INFO] PluginManager:220 - loadIPPluginJar : add openamp
2024-06-07 22:57:21,274 [INFO] IPUIPlugin:80 - create IPUIPlugin
2024-06-07 22:57:21,274 [INFO] PluginManager:220 - loadIPPluginJar : add pdm2pcm
2024-06-07 22:57:21,282 [INFO] IPUIPlugin:80 - create IPUIPlugin
2024-06-07 22:57:21,284 [INFO] PluginManager:220 - loadIPPluginJar : add plateformsettings
2024-06-07 22:57:21,287 [INFO] IPUIPlugin:80 - create IPUIPlugin
2024-06-07 22:57:21,287 [INFO] PluginManager:220 - loadIPPluginJar : add quadspi
2024-06-07 22:57:21,297 [INFO] IPUIPlugin:80 - create IPUIPlugin
2024-06-07 22:57:21,297 [INFO] PluginManager:220 - loadIPPluginJar : add resmgrutility
2024-06-07 22:57:21,303 [INFO] IPUIPlugin:80 - create IPUIPlugin
2024-06-07 22:57:21,304 [INFO] PluginManager:220 - loadIPPluginJar : add sai
2024-06-07 22:57:21,308 [INFO] IPUIPlugin:80 - create IPUIPlugin
2024-06-07 22:57:21,308 [INFO] PluginManager:220 - loadIPPluginJar : add spi
2024-06-07 22:57:21,315 [INFO] IPUIPlugin:80 - create IPUIPlugin
2024-06-07 22:57:21,315 [INFO] PluginManager:220 - loadIPPluginJar : add stm32_wpan
2024-06-07 22:57:21,318 [INFO] IPUIPlugin:80 - create IPUIPlugin
2024-06-07 22:57:21,318 [INFO] PluginManager:220 - loadIPPluginJar : add tim
2024-06-07 22:57:21,323 [INFO] IPUIPlugin:80 - create IPUIPlugin
2024-06-07 22:57:21,323 [INFO] PluginManager:220 - loadIPPluginJar : add touchsensing
2024-06-07 22:57:21,326 [INFO] IPUIPlugin:80 - create IPUIPlugin
2024-06-07 22:57:21,326 [INFO] PluginManager:220 - loadIPPluginJar : add tracer_emb
2024-06-07 22:57:21,329 [INFO] IPUIPlugin:80 - create IPUIPlugin
2024-06-07 22:57:21,330 [INFO] PluginManager:220 - loadIPPluginJar : add ts
2024-06-07 22:57:21,332 [INFO] IPUIPlugin:80 - create IPUIPlugin
2024-06-07 22:57:21,332 [INFO] PluginManager:220 - loadIPPluginJar : add tsc
2024-06-07 22:57:21,336 [INFO] IPUIPlugin:80 - create IPUIPlugin
2024-06-07 22:57:21,336 [INFO] PluginManager:220 - loadIPPluginJar : add ucpd
2024-06-07 22:57:21,340 [INFO] IPUIPlugin:80 - create IPUIPlugin
2024-06-07 22:57:21,341 [INFO] PluginManager:220 - loadIPPluginJar : add usart
2024-06-07 22:57:21,345 [INFO] IPUIPlugin:80 - create IPUIPlugin
2024-06-07 22:57:21,345 [INFO] PluginManager:220 - loadIPPluginJar : add usbx
2024-06-07 22:57:21,482 [INFO] CADModel:165 - CPN selected for project level
2024-06-07 22:57:21,482 [INFO] CADModel:114 - Register for checkConnection events
2024-06-07 22:57:21,482 [FATAL] Updater:308 - Updater called before beeing initialized
2024-06-07 22:57:21,482 [ERROR] CADModel:125 - Updater not yet initialized, retry later 
2024-06-07 22:57:21,648 [INFO] CADModel:165 - CPN selected for project level
2024-06-07 22:57:21,648 [INFO] CADModel:114 - Register for checkConnection events
2024-06-07 22:57:21,648 [FATAL] Updater:308 - Updater called before beeing initialized
2024-06-07 22:57:21,648 [ERROR] CADModel:125 - Updater not yet initialized, retry later 
2024-06-07 22:57:21,651 [FATAL] Updater:308 - Updater called before beeing initialized
2024-06-07 22:57:21,768 [FATAL] Updater:308 - Updater called before beeing initialized
2024-06-07 22:57:21,772 [INFO] DbMcusAds:53 - JSON generation date=Thu May 16 14:52:00 IST 2024 (1715851320852)
2024-06-07 22:57:21,772 [FATAL] Updater:308 - Updater called before beeing initialized
2024-06-07 22:57:21,806 [WARN] DetailPanel:346 - Failed to get advertising image, set to default
2024-06-07 22:57:21,886 [FATAL] Updater:308 - Updater called before beeing initialized
2024-06-07 22:57:21,888 [FATAL] Updater:308 - Updater called before beeing initialized
2024-06-07 22:57:21,888 [FATAL] Updater:308 - Updater called before beeing initialized
2024-06-07 22:57:21,888 [WARN] DetailPanel:346 - Failed to get advertising image, set to default
2024-06-07 22:57:21,889 [FATAL] Updater:308 - Updater called before beeing initialized
2024-06-07 22:57:21,936 [ERROR] Updater:1120 - MainUpdater not yet initialized. External WinMGr cannot be set.
2024-06-07 22:57:21,938 [INFO] Updater:1056 - Updater Version found : 6.11.1
2024-06-07 22:57:21,955 [INFO] ApplicationProperties:184 - Using Application install path: C:\ST\STM32CubeIDE_1.15.1\STM32CubeIDE\plugins\com.st.stm32cube.common.mx_6.11.1.202404110753
2024-06-07 22:57:23,525 [ERROR] LogOutputStream:75 - [STDERR_REDIRECT] Jun 07, 2024 10:57:23 PM java.util.prefs.WindowsPreferences <init>
2024-06-07 22:57:23,526 [ERROR] LogOutputStream:75 - [STDERR_REDIRECT] WARNING: Could not open/create prefs root node Software\JavaSoft\Prefs at root 0xffffffff80000002. Windows RegCreateKeyEx(...) returned error code 5.
2024-06-07 22:57:23,527 [ERROR] LogOutputStream:75 - [STDERR_REDIRECT] 
2024-06-07 22:57:23,556 [INFO] ThirdPartyUpdaterWithRetryManager:70 - Updater plugin not ready yet. [2/15]
2024-06-07 22:57:24,084 [INFO] MainUpdater:2873 - connection check result : 10
2024-06-07 22:57:24,085 [INFO] MainUpdater:290 - Updater Check For Update Now.
2024-06-07 22:57:24,085 [INFO] MicroXplorer:498 - Change Database Version : DB.6.0.111
2024-06-07 22:57:24,091 [INFO] McuFinderGlobals:63 - Set McuFinder mode to 2 (CubeIDE integrated)
2024-06-07 22:57:24,091 [INFO] UserAuth:179 - activating auth plugin
2024-06-07 22:57:24,095 [INFO] UserAuth:415 - Internet connection configuration mode: 1
2024-06-07 22:57:24,136 [INFO] JxBrowserEngine:152 - Initiate JxBrowser Engine with user profile folder
2024-06-07 22:57:24,271 [INFO] CheckServerUpdateThread:120 - End of CheckServer Thread
2024-06-07 22:57:25,114 [INFO] WebApp:161 - Instantiating new browser for Auth
2024-06-07 22:57:25,833 [INFO] WebApp:779 - Register for checkConnection events
2024-06-07 22:57:25,834 [INFO] WebApp:414 - Apply proxy settings
2024-06-07 22:57:25,834 [INFO] WebApp:499 - Chromium requires no authentication
2024-06-07 22:57:25,843 [INFO] WebApp:442 - Direct internet connection detected
2024-06-07 22:57:26,026 [INFO] WebApp:192 - Starting web application
2024-06-07 22:57:26,027 [INFO] WebApp:544 - Web application path used C:\ST\STM32CubeIDE_1.15.1\STM32CubeIDE\plugins\com.st.stm32cube.common.mx_6.11.1.202404110753\db\plugins\mcufinder\reactClient1\index.html
2024-06-07 22:57:26,790 [WARN] PackLoader:240 - Cannot read IP mode file for STMicroelectronics.FP-SNS-MOTENVWB1.1.4.0
2024-06-07 22:57:26,807 [WARN] PackLoader:240 - Cannot read IP mode file for STMicroelectronics.X-CUBE-SMBUS.2.1.0
2024-06-07 22:57:26,815 [WARN] PackLoader:240 - Cannot read IP mode file for STMicroelectronics.X-CUBE-TOUCHGFX.4.23.2
2024-06-07 22:57:26,847 [WARN] PackLoader:240 - Cannot read IP mode file for STMicroelectronics.X-CUBE-AZRTOS-F7.1.1.0
2024-06-07 22:57:26,861 [WARN] PackLoader:240 - Cannot read IP mode file for STMicroelectronics.FP-SNS-FLIGHT1.5.0.2
2024-06-07 22:57:26,872 [WARN] PackLoader:240 - Cannot read IP mode file for STMicroelectronics.X-CUBE-DISPLAY.3.0.0
2024-06-07 22:57:26,887 [WARN] PackLoader:240 - Cannot read IP mode file for STMicroelectronics.X-CUBE-BLE1.7.0.0
2024-06-07 22:57:26,894 [WARN] PackLoader:240 - Cannot read IP mode file for emotas.I-CUBE-CANOPEN.1.3.0
2024-06-07 22:57:26,912 [WARN] PackLoader:240 - Cannot read IP mode file for STMicroelectronics.X-CUBE-BLEMGR.3.1.0
2024-06-07 22:57:26,922 [WARN] PackLoader:240 - Cannot read IP mode file for STMicroelectronics.FP-SNS-SMARTAG2.1.2.0
2024-06-07 22:57:26,933 [INFO] LogOutputStream:77 - [STDOUT_REDIRECT] 1 : Invalid condition id : UX_CORESTACK_Condition cause : null
2024-06-07 22:57:26,934 [INFO] LogOutputStream:77 - [STDOUT_REDIRECT] 1 : Invalid condition id : UX_CORESTACK_Condition cause : null
2024-06-07 22:57:26,935 [INFO] LogOutputStream:77 - [STDOUT_REDIRECT] 1 : Invalid condition id : UX_CORESTACK_Condition cause : null
2024-06-07 22:57:26,936 [INFO] LogOutputStream:77 - [STDOUT_REDIRECT] 1 : Invalid condition id : UX_CORESTACK_Condition cause : null
2024-06-07 22:57:26,937 [INFO] LogOutputStream:77 - [STDOUT_REDIRECT] 1 : Invalid condition id : UX_CORESTACK_Condition cause : null
2024-06-07 22:57:26,942 [WARN] PackLoader:240 - Cannot read IP mode file for STMicroelectronics.X-CUBE-AZRTOS-WL.2.0.0
2024-06-07 22:57:26,950 [WARN] PackLoader:240 - Cannot read IP mode file for STMicroelectronics.FP-SNS-MOTENV1.5.0.0
2024-06-07 22:57:26,957 [WARN] PackLoader:240 - Cannot read IP mode file for wolfSSL.I-CUBE-wolfMQTT.1.19.0
2024-06-07 22:57:26,965 [WARN] PackLoader:240 - Cannot read IP mode file for WES.I-CUBE-Cesium.1.3.0
2024-06-07 22:57:26,972 [WARN] PackLoader:240 - Cannot read IP mode file for STMicroelectronics.X-CUBE-BLE2.3.3.0
2024-06-07 22:57:26,979 [WARN] PackLoader:240 - Cannot read IP mode file for STMicroelectronics.X-CUBE-TCPP.4.1.0
2024-06-07 22:57:26,996 [WARN] PackLoader:240 - Cannot read IP mode file for STMicroelectronics.X-CUBE-AZRTOS-G0.1.1.0
2024-06-07 22:57:27,004 [WARN] PackLoader:240 - Cannot read IP mode file for STMicroelectronics.X-CUBE-SAFEA1.1.2.2
2024-06-07 22:57:27,010 [WARN] PackLoader:240 - Cannot read IP mode file for STMicroelectronics.X-CUBE-NFC4.3.0.0
2024-06-07 22:57:27,015 [WARN] PackLoader:240 - Cannot read IP mode file for wolfSSL.I-CUBE-wolfSSL.5.7.0
2024-06-07 22:57:27,019 [WARN] PackLoader:240 - Cannot read IP mode file for STMicroelectronics.FP-ATR-SIGFOX1.3.2.0
2024-06-07 22:57:27,024 [WARN] PackLoader:240 - Cannot read IP mode file for STMicroelectronics.X-CUBE-EEPRMA1.5.1.0
2024-06-07 22:57:27,030 [WARN] PackLoader:240 - Cannot read IP mode file for ITTIA_DB.I-CUBE-ITTIADB.8.9.0
2024-06-07 22:57:27,057 [WARN] PackLoader:240 - Cannot read IP mode file for SEGGER.I-CUBE-embOS.1.3.1
2024-06-07 22:57:27,105 [WARN] PackLoader:240 - Cannot read IP mode file for STMicroelectronics.X-CUBE-ALGOBUILD.1.4.0
2024-06-07 22:57:27,111 [WARN] PackLoader:240 - Cannot read IP mode file for STMicroelectronics.X-CUBE-GNSS1.6.0.0
2024-06-07 22:57:27,124 [WARN] PackLoader:240 - Cannot read IP mode file for STMicroelectronics.X-CUBE-AZRTOS-F4.1.1.0
2024-06-07 22:57:27,131 [WARN] PackLoader:240 - Cannot read IP mode file for STMicroelectronics.X-CUBE-FREERTOS.1.2.0
2024-06-07 22:57:27,144 [WARN] PackLoader:240 - Cannot read IP mode file for STMicroelectronics.X-CUBE-AZRTOS-L5.2.0.0
2024-06-07 22:57:27,153 [WARN] PackLoader:240 - Cannot read IP mode file for STMicroelectronics.X-CUBE-NFC6.3.1.0
2024-06-07 22:57:27,158 [WARN] PackLoader:240 - Cannot read IP mode file for STMicroelectronics.X-CUBE-AI.9.0.0
2024-06-07 22:57:27,163 [WARN] PackLoader:240 - Cannot read IP mode file for STMicroelectronics.X-CUBE-NFC7.1.0.1
2024-06-07 22:57:27,178 [WARN] ConditionMgr:438 - getConditionDescription Invalid condition id : LAN8742 Phy interface Condition cause : null
2024-06-07 22:57:27,179 [WARN] PackLoader:240 - Cannot read IP mode file for STMicroelectronics.X-CUBE-AZRTOS-L4.2.0.0
2024-06-07 22:57:27,180 [WARN] ConditionMgr:1039 - genDependencies : Invalid condition id : LAN8742 Phy interface Condition cause : null
2024-06-07 22:57:27,180 [WARN] ConditionMgr:1039 - genDependencies : Invalid condition id : LAN8742 Phy interface Condition cause : null
2024-06-07 22:57:27,181 [WARN] ConditionMgr:1039 - genDependencies : Invalid condition id : LAN8742 Phy interface Condition cause : null
2024-06-07 22:57:27,189 [WARN] PackLoader:240 - Cannot read IP mode file for STMicroelectronics.X-CUBE-SFXS2LP1.4.0.0
2024-06-07 22:57:27,198 [WARN] ConditionMgr:438 - getConditionDescription Invalid condition id : UX DEVICE CLASS RTOS Condition cause : null
2024-06-07 22:57:27,199 [WARN] ConditionMgr:438 - getConditionDescription Invalid condition id : UX DEVICE CLASS RTOS Condition cause : null
2024-06-07 22:57:27,200 [WARN] PackLoader:240 - Cannot read IP mode file for STMicroelectronics.X-CUBE-AZRTOS-WB.2.0.0
2024-06-07 22:57:27,201 [WARN] ConditionMgr:1039 - genDependencies : Invalid condition id : UX DEVICE CLASS RTOS Condition cause : null
2024-06-07 22:57:27,201 [WARN] ConditionMgr:1039 - genDependencies : Invalid condition id : UX DEVICE CLASS RTOS Condition cause : null
2024-06-07 22:57:27,202 [WARN] ConditionMgr:1039 - genDependencies : Invalid condition id : UX DEVICE CLASS RTOS Condition cause : null
2024-06-07 22:57:27,202 [WARN] ConditionMgr:1039 - genDependencies : Invalid condition id : UX DEVICE CLASS RTOS Condition cause : null
2024-06-07 22:57:27,202 [WARN] ConditionMgr:1039 - genDependencies : Invalid condition id : UX DEVICE CLASS RTOS Condition cause : null
2024-06-07 22:57:27,210 [WARN] PackLoader:240 - Cannot read IP mode file for STMicroelectronics.X-CUBE-SUBG2.5.0.0
2024-06-07 22:57:27,217 [WARN] PackLoader:240 - Cannot read IP mode file for Cesanta.I-CUBE-Mongoose.7.13.0
2024-06-07 22:57:27,229 [WARN] PackLoader:240 - Cannot read IP mode file for STMicroelectronics.X-CUBE-AZRTOS-G4.2.0.0
2024-06-07 22:57:27,234 [WARN] PackLoader:240 - Cannot read IP mode file for STMicroelectronics.X-CUBE-ISPU.2.0.0
2024-06-07 22:57:27,238 [WARN] PackLoader:240 - Cannot read IP mode file for STMicroelectronics.X-CUBE-ALS.1.0.2
2024-06-07 22:57:27,277 [WARN] PackLoader:240 - Cannot read IP mode file for STMicroelectronics.X-CUBE-MEMS1.10.0.0
2024-06-07 22:57:27,372 [WARN] PackLoader:240 - Cannot read IP mode file for portGmbH.I-Cube-SoM-uGOAL.1.1.0
2024-06-07 22:57:27,386 [WARN] PackLoader:240 - Cannot read IP mode file for STMicroelectronics.X-CUBE-AZRTOS-H7RS.1.0.0
2024-06-07 22:57:27,394 [WARN] PackLoader:240 - Cannot read IP mode file for STMicroelectronics.FP-ATR-ASTRA1.2.0.0
2024-06-07 22:57:27,402 [WARN] PackLoader:240 - Cannot read IP mode file for STMicroelectronics.X-CUBE-TOF1.3.4.1
2024-06-07 22:57:27,424 [WARN] PackLoader:240 - Cannot read IP mode file for STMicroelectronics.X-CUBE-AZRTOS-H7.3.2.0
2024-06-07 22:57:27,441 [WARN] PackLoader:240 - Cannot read IP mode file for Infineon.AIROC-Wi-Fi-Bluetooth-STM32.1.6.0
2024-06-07 22:57:27,444 [INFO] ThirdParty:978 - Integrity check success = true
2024-06-07 22:57:27,444 [INFO] IntegrityCheckThread:100 - exiting critical section [integrity check]
2024-06-07 22:57:27,444 [INFO] IntegrityCheckThread:103 - End integrity checks thread
2024-06-07 22:57:33,364 [INFO] McuFinderGlobals:63 - Set McuFinder mode to 2 (CubeIDE integrated)
2024-06-07 22:57:33,367 [INFO] MainUpdater:2873 - connection check result : 10
2024-06-07 22:57:33,878 [INFO] ApiDb:581 - Connected to CubeFinder SQLite database (C:\Users\antor\.stmcufinder\plugins\mcufinder\mcu\cube-finder-db.db)
2024-06-07 22:57:33,954 [INFO] ApiDb:668 - CubeFinder database Data Model version=2.1
2024-06-07 22:57:33,954 [INFO] ApiDb:669 - CubeFinder database Configuration version=3.0.39
2024-06-07 22:57:33,954 [INFO] ApiDb:670 - CubeFinder database generation date=2024-05-16 (1715872938)
2024-06-07 22:57:33,954 [INFO] ApiDb:671 - CubeFinder database FW Pack versions=[FP-ATR-ASTRA1_V2.0.0, FP-SNS-FLIGHT1_V5.0.1, FP-SNS-FLIGHT1_V5.0.2, FP-SNS-MOTENV1_V4.3.1, FP-SNS-MOTENV1_V4.3.2, FP-SNS-MOTENV1_V5.0.0, FP-SNS-MOTENVWB1_V1.4.0, FP-SNS-SMARTAG2_V1.2.0, STM32Cube_FW_C0_V1.1.0, STM32Cube_FW_F4_V1.28.0, STM32Cube_FW_F7_V1.17.0, STM32Cube_FW_G0_V1.6.2, STM32Cube_FW_G4_V1.5.2, STM32Cube_FW_H5_V0.5.1, STM32Cube_FW_H5_V1.1.1, STM32Cube_FW_H5_V1.2.0, STM32Cube_FW_H5_V1.2.0RC4, STM32Cube_FW_H7RS_V1.0.0, STM32Cube_FW_H7RS_V1.0.0RC4, STM32Cube_FW_H7_V1.11.0, STM32Cube_FW_L0_V1.12.2, STM32Cube_FW_L5_V1.5.1, STM32Cube_FW_U0_V1.0.0, STM32Cube_FW_U0_V1.0.0RC1, STM32Cube_FW_U5_V1.3.0RC4, STM32Cube_FW_U5_V1.5.0, STM32Cube_FW_U5_V1.5.0RC1, STM32Cube_FW_WBA_V1.0.0RC1, STM32Cube_FW_WBA_V1.2.0, STM32Cube_FW_WBA_V1.2.0RC2, STM32Cube_FW_WBA_V1.3.0, STM32Cube_FW_WBA_V1.3.0RC1, STM32Cube_FW_WB_V1.15.0RC1, STM32Cube_FW_WB_V1.16.0, STM32Cube_FW_WB_V1.16.0RC2, STM32Cube_FW_WB_V1.18.0, STM32Cube_FW_WB_V1.19.0, STM32Cube_FW_WL_V1.3.0, X-CUBE-ALGOBUILD_V1.4.0, X-CUBE-ALS_V1.0.1, X-CUBE-AZRTOS-F4_V1.1.0, X-CUBE-AZRTOS-F7_V1.1.0, X-CUBE-AZRTOS-G0_V1.1.0, X-CUBE-AZRTOS-G4_V2.0.0, X-CUBE-AZRTOS-H7_V3.2.0, X-CUBE-AZRTOS-L4_V1.0.0, X-CUBE-AZRTOS-L4_V2.0.0, X-CUBE-AZRTOS-L5_V1.1.0, X-CUBE-AZRTOS-WB_V2.0.0, X-CUBE-AZRTOS-WL_V2.0.0, X-CUBE-BLE1_V7.0.0, X-CUBE-BLE2_V3.3.0, X-CUBE-BLEMGR_V3.1.0, X-CUBE-EEPRMA1_V4.1.0, X-CUBE-EEPRMA1_V5.1.0, X-CUBE-FREERTOS_V1.1.0, X-CUBE-GNSS1_V6.0.0, X-CUBE-MEMS1_V10.0.0, X-CUBE-MEMS1_V9.1.0, X-CUBE-MEMS1_V9.4.0, X-CUBE-MEMS1_V9.6.0, X-CUBE-NFC4_V3.0.0, X-CUBE-NFC7_V1.0.1, X-CUBE-SFXS2LP1_V4.0.0, X-CUBE-SUBG2_V5.0.0, X-CUBE-TOF1_V3.4.0]
2024-06-07 22:57:34,086 [INFO] DbBoardsSqlite:226 - include board P-NUCLEO-WB55-NUCLEO as a kit item of type 'Nucleo-64'
2024-06-07 22:57:34,087 [INFO] DbBoardsSqlite:226 - include board P-NUCLEO-WB55-USBDONGLE as a kit item of type 'Nucleo USB Dongle'
2024-06-07 22:57:34,088 [INFO] DbBoardsSqlite:226 - include board STEVAL-IDP005V1 as a kit item of type 'Evaluation Board'
2024-06-07 22:57:34,089 [INFO] DbBoardsSqlite:226 - include board STEVAL-IDP005V2 as a kit item of type 'Evaluation Board'
2024-06-07 22:57:34,555 [INFO] ApiDb:240 - Found 483 in-development CPN: [B-G473E-ZEST1S, B-WB1M-WPAN1, B-WL5M-SUBG1, NUCLEO-C031C6, NUCLEO-H503RB, NUCLEO-H533RE, NUCLEO-H563ZI, NUCLEO-H7S3L8, NUCLEO-U031R8, NUCLEO-U083RC, NUCLEO-U545RE-Q, NUCLEO-U5A5ZJ-Q, NUCLEO-WBA52CG, NUCLEO-WBA55CG, STEVAL-PROTEUS1, STEVAL-SMARTAG2, STEVAL-STWINBX1, STM320518-EVAL, STM32C0116-DK, STM32C011D6Y3TR, STM32C011D6Y6TR, STM32C011F4P3, STM32C011F4P6, STM32C011F4U3, STM32C011F4U6TR, STM32C011F6P3, STM32C011F6P6, STM32C011F6U3, STM32C011F6U6TR, STM32C011J4M3, STM32C011J4M6, STM32C011J6M3, STM32C011J6M6, STM32C0316-DK, STM32C031C4T3, STM32C031C4T6, STM32C031C4U3, STM32C031C4U6, STM32C031C6T3, STM32C031C6T6, STM32C031C6U3, STM32C031C6U6, STM32C031F4P3, STM32C031F4P6, STM32C031F6P3, STM32C031F6P6, STM32C031G4U3, STM32C031G4U6, STM32C031G6U3, STM32C031G6U6, STM32C031K4T3, STM32C031K4T6, STM32C031K4U3, STM32C031K4U6, STM32C031K6T3, STM32C031K6T6, STM32C031K6U3, STM32C031K6U6, STM32G071K8TXN, STM32G071K8UXN, STM32G081GBU6N, STM32G081KBT6N, STM32G081KBUXN, STM32G0B1CCT6N, STM32G0B1KCT6, STM32G0B1NEY6TR, STM32G0B1RCT6N, STM32G0C1CCT6, STM32G0C1CCT6N, STM32G0C1CCU6N, STM32G0C1CET6N, STM32G0C1CEU6N, STM32G0C1KCT6, STM32G0C1NEY6TR, STM32G0C1RCI6N, STM32G0C1RCT6N, STM32G0C1REI6N, STM32G0C1RET6N, STM32G0C1VCI6, STM32G0C1VEI6, STM32G471CCT6, STM32G471CCU6, STM32G471CET3, STM32G471CET6, STM32G471CEU3, STM32G471CEU6, STM32G471MCT6, STM32G471MET3, STM32G471MET6, STM32G471MEY6TR, STM32G471QCT6, STM32G471QET3, STM32G471RCT6, STM32G471RET3, STM32G471RET6, STM32G471VCH6, STM32G471VCI6, STM32G471VCT6, STM32G471VEH3, STM32G471VEH6, STM32G471VEI3, STM32G471VEI6, STM32G471VET3, STM32G471VET6, STM32G474CCT6, STM32H503CBT6, STM32H503CBU6, STM32H503EBY6TR, STM32H503KBU6, STM32H503RBT6, STM32H523CCT6, STM32H523CCU6, STM32H523CET6, STM32H523CEU6, STM32H523HEY6TR, STM32H523RCT6, STM32H523RET6, STM32H523VCI6, STM32H523VCT6, STM32H523VEI6, STM32H523VET6, STM32H523ZCJ6, STM32H523ZCT6, STM32H523ZEJ6, STM32H523ZET6, STM32H533CET6, STM32H533CEU6, STM32H533HEY6TR, STM32H533RET6, STM32H533VEI6, STM32H533VET6, STM32H533ZEJ6, STM32H533ZET6, STM32H562AGI6, STM32H562AII6, STM32H562IGK6, STM32H562IGT6, STM32H562IIK6, STM32H562IIT6, STM32H562RGT6, STM32H562RGV6, STM32H562RIT6, STM32H562RIV6, STM32H562VGT6, STM32H562VIT6, STM32H562ZGT6, STM32H562ZIT6, STM32H563AGI6, STM32H563AII3Q, STM32H563AII6, STM32H563IGK6, STM32H563IGT6, STM32H563IIK3Q, STM32H563IIK6, STM32H563IIT3Q, STM32H563IIT6, STM32H563MIY3QTR, STM32H563RGT6, STM32H563RGV6, STM32H563RIT6, STM32H563RIV6, STM32H563VGT6, STM32H563VIT3Q, STM32H563VIT6, STM32H563ZGT6, STM32H563ZIT3Q, STM32H563ZIT6, STM32H573AII3Q, STM32H573AII6, STM32H573I-DK, STM32H573IIK3Q, STM32H573IIK6, STM32H573IIT3Q, STM32H573IIT6, STM32H573MIY3QTR, STM32H573RIT6, STM32H573RIV6, STM32H573VIT3Q, STM32H573VIT6, STM32H573ZIT3Q, STM32H573ZIT6, STM32H7R3A8I6, STM32H7R3I8K6, STM32H7R3I8T6, STM32H7R3L8H6, STM32H7R3L8H6H, STM32H7R3R8V6, STM32H7R3V8H6, STM32H7R3V8T6, STM32H7R3V8Y6, STM32H7R3Z8J6, STM32H7R3Z8T6, STM32H7R7A8I6, STM32H7R7I8K6, STM32H7R7I8T6, STM32H7R7L8H6, STM32H7R7L8H6H, STM32H7R7Z8J6, STM32H7S3A8I6, STM32H7S3I8K6, STM32H7S3I8T6, STM32H7S3L8H6, STM32H7S3L8H6H, STM32H7S3R8V6, STM32H7S3V8H6, STM32H7S3V8T6, STM32H7S3V8Y6, STM32H7S3Z8J6, STM32H7S3Z8T6, STM32H7S78-DK, STM32H7S7A8I6, STM32H7S7I8K6, STM32H7S7I8T6, STM32H7S7L8H6, STM32H7S7L8H6H, STM32H7S7Z8J6, STM32L4R5QGI6STR, STM32MP131AAE3, STM32MP131AAF3, STM32MP131AAG3, STM32MP131CAE3, STM32MP131CAF3, STM32MP131CAG3, STM32MP131DAE7, STM32MP131DAF7, STM32MP131DAG7, STM32MP131FAE7, STM32MP131FAF7, STM32MP131FAG7, STM32MP133AAE3, STM32MP133AAF3, STM32MP133AAG3, STM32MP133CAE3, STM32MP133CAF3, STM32MP133CAG3, STM32MP133DAE7, STM32MP133DAF7, STM32MP133DAG7, STM32MP133FAE7, STM32MP133FAF7, STM32MP133FAG7, STM32MP135AAE3, STM32MP135AAF3, STM32MP135AAG3, STM32MP135CAE3, STM32MP135CAF3, STM32MP135CAG3, STM32MP135DAE7, STM32MP135DAF7, STM32MP135DAG7, STM32MP135F-DK, STM32MP135FAE7, STM32MP135FAF7, STM32MP135FAF7T, STM32MP135FAF7U, STM32MP135FAG7, STM32U031C6T6, STM32U031C6U6, STM32U031C8T6, STM32U031C8U6, STM32U031F4P6, STM32U031F6P6, STM32U031F8P6, STM32U031G6Y6TR, STM32U031G8Y6TR, STM32U031K4U6, STM32U031K6U6, STM32U031K8U6, STM32U031R6I6, STM32U031R6T6, STM32U031R8I6, STM32U031R8T6, STM32U073C8T6, STM32U073C8U6, STM32U073CBT6, STM32U073CBU6, STM32U073CCT6, STM32U073CCU6, STM32U073H8Y6TR, STM32U073HBY6TR, STM32U073HCY6TR, STM32U073K8U6, STM32U073KBU6, STM32U073KCU6, STM32U073M8I6, STM32U073M8T6, STM32U073MBI6, STM32U073MBT6, STM32U073MCI6, STM32U073MCT6, STM32U073R8I6, STM32U073R8T6, STM32U073RBI6, STM32U073RBT6, STM32U073RCI6, STM32U073RCT6, STM32U083C-DK, STM32U083CCT6, STM32U083CCU6, STM32U083HCY6TR, STM32U083KCU6, STM32U083MCI6, STM32U083MCT6, STM32U083RCI6, STM32U083RCT6, STM32U535CBT6, STM32U535CBT6Q, STM32U535CBU6, STM32U535CBU6Q, STM32U535CCT6, STM32U535CCT6Q, STM32U535CCU6, STM32U535CCU6Q, STM32U535CET6, STM32U535CET6Q, STM32U535CEU6, STM32U535CEU6Q, STM32U535JEY6QTR, STM32U535NCY6QTR, STM32U535NEY6QTR, STM32U535RBI6, STM32U535RBI6Q, STM32U535RBT6, STM32U535RBT6Q, STM32U535RCI6, STM32U535RCI6Q, STM32U535RCT6, STM32U535RCT6Q, STM32U535REI6, STM32U535REI6Q, STM32U535RET6, STM32U535RET6Q, STM32U535VCI6, STM32U535VCI6Q, STM32U535VCT6, STM32U535VCT6Q, STM32U535VEI6, STM32U535VEI6Q, STM32U535VET6, STM32U535VET6Q, STM32U545CET6, STM32U545CET6Q, STM32U545CEU6, STM32U545CEU6Q, STM32U545JEY6QTR, STM32U545NEY6QTR, STM32U545REI6, STM32U545REI6Q, STM32U545RET6, STM32U545RET6Q, STM32U545VEI6, STM32U545VEI6Q, STM32U545VET6, STM32U545VET6Q, STM32U595AIH6, STM32U595AIH6Q, STM32U595AJH6, STM32U595AJH6Q, STM32U595QII6, STM32U595QII6Q, STM32U595QJI6, STM32U595QJI6Q, STM32U595RIT6, STM32U595RIT6Q, STM32U595RJT6, STM32U595RJT6Q, STM32U595VIT6, STM32U595VIT6Q, STM32U595VJT6, STM32U595VJT6Q, STM32U595ZIT6, STM32U595ZIT6Q, STM32U595ZIY6QTR, STM32U595ZJT6, STM32U595ZJT6Q, STM32U595ZJY6QTR, STM32U599BJY6QTR, STM32U599NIH6Q, STM32U599NJH6Q, STM32U599VIT6Q, STM32U599VJT6, STM32U599VJT6Q, STM32U599ZIT6Q, STM32U599ZIY6QTR, STM32U599ZJT6Q, STM32U599ZJY6QTR, STM32U5A5AJH6, STM32U5A5AJH6Q, STM32U5A5QII3Q , STM32U5A5QJI6, STM32U5A5QJI6Q, STM32U5A5RJT6, STM32U5A5RJT6Q, STM32U5A5VJT6, STM32U5A5VJT6Q, STM32U5A5ZJT6, STM32U5A5ZJT6Q, STM32U5A5ZJY6QTR, STM32U5A9BJY6QTR, STM32U5A9J-DK, STM32U5A9NJH6Q, STM32U5A9VJT6Q, STM32U5A9ZJT6Q, STM32U5A9ZJY6QTR, STM32U5F7VIT6, STM32U5F7VIT6Q, STM32U5F7VJT6, STM32U5F7VJT6Q, STM32U5F9BJY6QTR, STM32U5F9NJH6Q, STM32U5F9VIT6Q, STM32U5F9VJT6Q, STM32U5F9ZIJ6QTR, STM32U5F9ZIT6Q, STM32U5F9ZJJ6QTR, STM32U5F9ZJT6Q, STM32U5G7VJT6, STM32U5G7VJT6Q, STM32U5G9BJY6QTR, STM32U5G9J-DK1, STM32U5G9J-DK2, STM32U5G9NJH6Q, STM32U5G9VJT6Q, STM32U5G9ZJJ6QTR, STM32U5G9ZJT6Q, STM32WB1MMCH6, STM32WBA50KEU6, STM32WBA50KEU6TR, STM32WBA50KGU6, STM32WBA50KGU6TR, STM32WBA52CEU6, STM32WBA52CEU6TR, STM32WBA52CEU7, STM32WBA52CEU7TR, STM32WBA52CGU6, STM32WBA52CGU6TR, STM32WBA52CGU6U, STM32WBA52CGU7, STM32WBA52CGU7TR, STM32WBA52KEU6, STM32WBA52KEU6TR, STM32WBA52KGU6, STM32WBA52KGU6TR, STM32WBA54CEU6, STM32WBA54CEU6TR, STM32WBA54CEU7, STM32WBA54CEU7TR, STM32WBA54CGU6, STM32WBA54CGU6TR, STM32WBA54CGU7, STM32WBA54CGU7TR, STM32WBA54KEU6, STM32WBA54KEU6TR, STM32WBA54KEU7, STM32WBA54KEU7TR, STM32WBA54KGU6, STM32WBA54KGU6TR, STM32WBA54KGU7, STM32WBA54KGU7TR, STM32WBA55CEU6, STM32WBA55CEU6TR, STM32WBA55CEU7, STM32WBA55CEU7TR, STM32WBA55CGU6, STM32WBA55CGU6TR, STM32WBA55CGU6U, STM32WBA55CGU7, STM32WBA55CGU7TR, STM32WBA55G-DK1, STM32WBA55HEF6, STM32WBA55HEF7, STM32WBA55HGF6, STM32WBA55HGF7, STM32WBA55UEI6, STM32WBA55UEI6TR, STM32WBA55UEI7, STM32WBA55UEI7TR, STM32WBA55UGI6, STM32WBA55UGI6TR, STM32WBA55UGI7, STM32WBA55UGI7TR, STM32WL5MOCH6, STM32WL5MOCH6TR]
2024-06-07 22:57:34,708 [INFO] BoardInfo:889 - No configuration file found for board P-NUCLEO-WB55
2024-06-07 22:57:34,709 [INFO] DbBoards:161 - Kit is not supported: P-NUCLEO-WB55
2024-06-07 22:57:34,715 [INFO] BoardInfo:889 - No configuration file found for board STEVAL-BFA001V1B
2024-06-07 22:57:34,715 [INFO] DbBoards:161 - Kit is not supported: STEVAL-BFA001V1B
2024-06-07 22:57:34,717 [INFO] BoardInfo:889 - No configuration file found for board STEVAL-BFA001V2B
2024-06-07 22:57:34,717 [INFO] DbBoards:161 - Kit is not supported: STEVAL-BFA001V2B
2024-06-07 22:57:34,852 [INFO] DbBoards:168 - Found 199 boards, 196 are supported
2024-06-07 22:57:34,852 [INFO] DbBoards:169 - Found 199 boards, 8 of them is supported for  Bsp
2024-06-07 22:57:34,855 [INFO] ApiDb:668 - CubeFinder database Data Model version=2.1
2024-06-07 22:57:34,855 [INFO] ApiDb:669 - CubeFinder database Configuration version=3.0.39
2024-06-07 22:57:34,855 [INFO] ApiDb:670 - CubeFinder database generation date=2024-05-16 (1715872938)
2024-06-07 22:57:34,855 [INFO] ApiDb:671 - CubeFinder database FW Pack versions=[FP-ATR-ASTRA1_V2.0.0, FP-SNS-FLIGHT1_V5.0.1, FP-SNS-FLIGHT1_V5.0.2, FP-SNS-MOTENV1_V4.3.1, FP-SNS-MOTENV1_V4.3.2, FP-SNS-MOTENV1_V5.0.0, FP-SNS-MOTENVWB1_V1.4.0, FP-SNS-SMARTAG2_V1.2.0, STM32Cube_FW_C0_V1.1.0, STM32Cube_FW_F4_V1.28.0, STM32Cube_FW_F7_V1.17.0, STM32Cube_FW_G0_V1.6.2, STM32Cube_FW_G4_V1.5.2, STM32Cube_FW_H5_V0.5.1, STM32Cube_FW_H5_V1.1.1, STM32Cube_FW_H5_V1.2.0, STM32Cube_FW_H5_V1.2.0RC4, STM32Cube_FW_H7RS_V1.0.0, STM32Cube_FW_H7RS_V1.0.0RC4, STM32Cube_FW_H7_V1.11.0, STM32Cube_FW_L0_V1.12.2, STM32Cube_FW_L5_V1.5.1, STM32Cube_FW_U0_V1.0.0, STM32Cube_FW_U0_V1.0.0RC1, STM32Cube_FW_U5_V1.3.0RC4, STM32Cube_FW_U5_V1.5.0, STM32Cube_FW_U5_V1.5.0RC1, STM32Cube_FW_WBA_V1.0.0RC1, STM32Cube_FW_WBA_V1.2.0, STM32Cube_FW_WBA_V1.2.0RC2, STM32Cube_FW_WBA_V1.3.0, STM32Cube_FW_WBA_V1.3.0RC1, STM32Cube_FW_WB_V1.15.0RC1, STM32Cube_FW_WB_V1.16.0, STM32Cube_FW_WB_V1.16.0RC2, STM32Cube_FW_WB_V1.18.0, STM32Cube_FW_WB_V1.19.0, STM32Cube_FW_WL_V1.3.0, X-CUBE-ALGOBUILD_V1.4.0, X-CUBE-ALS_V1.0.1, X-CUBE-AZRTOS-F4_V1.1.0, X-CUBE-AZRTOS-F7_V1.1.0, X-CUBE-AZRTOS-G0_V1.1.0, X-CUBE-AZRTOS-G4_V2.0.0, X-CUBE-AZRTOS-H7_V3.2.0, X-CUBE-AZRTOS-L4_V1.0.0, X-CUBE-AZRTOS-L4_V2.0.0, X-CUBE-AZRTOS-L5_V1.1.0, X-CUBE-AZRTOS-WB_V2.0.0, X-CUBE-AZRTOS-WL_V2.0.0, X-CUBE-BLE1_V7.0.0, X-CUBE-BLE2_V3.3.0, X-CUBE-BLEMGR_V3.1.0, X-CUBE-EEPRMA1_V4.1.0, X-CUBE-EEPRMA1_V5.1.0, X-CUBE-FREERTOS_V1.1.0, X-CUBE-GNSS1_V6.0.0, X-CUBE-MEMS1_V10.0.0, X-CUBE-MEMS1_V9.1.0, X-CUBE-MEMS1_V9.4.0, X-CUBE-MEMS1_V9.6.0, X-CUBE-NFC4_V3.0.0, X-CUBE-NFC7_V1.0.1, X-CUBE-SFXS2LP1_V4.0.0, X-CUBE-SUBG2_V5.0.0, X-CUBE-TOF1_V3.4.0]
2024-06-07 22:57:36,738 [INFO] ApiDb:240 - Found 483 in-development CPN: [B-G473E-ZEST1S, B-WB1M-WPAN1, B-WL5M-SUBG1, NUCLEO-C031C6, NUCLEO-H503RB, NUCLEO-H533RE, NUCLEO-H563ZI, NUCLEO-H7S3L8, NUCLEO-U031R8, NUCLEO-U083RC, NUCLEO-U545RE-Q, NUCLEO-U5A5ZJ-Q, NUCLEO-WBA52CG, NUCLEO-WBA55CG, STEVAL-PROTEUS1, STEVAL-SMARTAG2, STEVAL-STWINBX1, STM320518-EVAL, STM32C0116-DK, STM32C011D6Y3TR, STM32C011D6Y6TR, STM32C011F4P3, STM32C011F4P6, STM32C011F4U3, STM32C011F4U6TR, STM32C011F6P3, STM32C011F6P6, STM32C011F6U3, STM32C011F6U6TR, STM32C011J4M3, STM32C011J4M6, STM32C011J6M3, STM32C011J6M6, STM32C0316-DK, STM32C031C4T3, STM32C031C4T6, STM32C031C4U3, STM32C031C4U6, STM32C031C6T3, STM32C031C6T6, STM32C031C6U3, STM32C031C6U6, STM32C031F4P3, STM32C031F4P6, STM32C031F6P3, STM32C031F6P6, STM32C031G4U3, STM32C031G4U6, STM32C031G6U3, STM32C031G6U6, STM32C031K4T3, STM32C031K4T6, STM32C031K4U3, STM32C031K4U6, STM32C031K6T3, STM32C031K6T6, STM32C031K6U3, STM32C031K6U6, STM32G071K8TXN, STM32G071K8UXN, STM32G081GBU6N, STM32G081KBT6N, STM32G081KBUXN, STM32G0B1CCT6N, STM32G0B1KCT6, STM32G0B1NEY6TR, STM32G0B1RCT6N, STM32G0C1CCT6, STM32G0C1CCT6N, STM32G0C1CCU6N, STM32G0C1CET6N, STM32G0C1CEU6N, STM32G0C1KCT6, STM32G0C1NEY6TR, STM32G0C1RCI6N, STM32G0C1RCT6N, STM32G0C1REI6N, STM32G0C1RET6N, STM32G0C1VCI6, STM32G0C1VEI6, STM32G471CCT6, STM32G471CCU6, STM32G471CET3, STM32G471CET6, STM32G471CEU3, STM32G471CEU6, STM32G471MCT6, STM32G471MET3, STM32G471MET6, STM32G471MEY6TR, STM32G471QCT6, STM32G471QET3, STM32G471RCT6, STM32G471RET3, STM32G471RET6, STM32G471VCH6, STM32G471VCI6, STM32G471VCT6, STM32G471VEH3, STM32G471VEH6, STM32G471VEI3, STM32G471VEI6, STM32G471VET3, STM32G471VET6, STM32G474CCT6, STM32H503CBT6, STM32H503CBU6, STM32H503EBY6TR, STM32H503KBU6, STM32H503RBT6, STM32H523CCT6, STM32H523CCU6, STM32H523CET6, STM32H523CEU6, STM32H523HEY6TR, STM32H523RCT6, STM32H523RET6, STM32H523VCI6, STM32H523VCT6, STM32H523VEI6, STM32H523VET6, STM32H523ZCJ6, STM32H523ZCT6, STM32H523ZEJ6, STM32H523ZET6, STM32H533CET6, STM32H533CEU6, STM32H533HEY6TR, STM32H533RET6, STM32H533VEI6, STM32H533VET6, STM32H533ZEJ6, STM32H533ZET6, STM32H562AGI6, STM32H562AII6, STM32H562IGK6, STM32H562IGT6, STM32H562IIK6, STM32H562IIT6, STM32H562RGT6, STM32H562RGV6, STM32H562RIT6, STM32H562RIV6, STM32H562VGT6, STM32H562VIT6, STM32H562ZGT6, STM32H562ZIT6, STM32H563AGI6, STM32H563AII3Q, STM32H563AII6, STM32H563IGK6, STM32H563IGT6, STM32H563IIK3Q, STM32H563IIK6, STM32H563IIT3Q, STM32H563IIT6, STM32H563MIY3QTR, STM32H563RGT6, STM32H563RGV6, STM32H563RIT6, STM32H563RIV6, STM32H563VGT6, STM32H563VIT3Q, STM32H563VIT6, STM32H563ZGT6, STM32H563ZIT3Q, STM32H563ZIT6, STM32H573AII3Q, STM32H573AII6, STM32H573I-DK, STM32H573IIK3Q, STM32H573IIK6, STM32H573IIT3Q, STM32H573IIT6, STM32H573MIY3QTR, STM32H573RIT6, STM32H573RIV6, STM32H573VIT3Q, STM32H573VIT6, STM32H573ZIT3Q, STM32H573ZIT6, STM32H7R3A8I6, STM32H7R3I8K6, STM32H7R3I8T6, STM32H7R3L8H6, STM32H7R3L8H6H, STM32H7R3R8V6, STM32H7R3V8H6, STM32H7R3V8T6, STM32H7R3V8Y6, STM32H7R3Z8J6, STM32H7R3Z8T6, STM32H7R7A8I6, STM32H7R7I8K6, STM32H7R7I8T6, STM32H7R7L8H6, STM32H7R7L8H6H, STM32H7R7Z8J6, STM32H7S3A8I6, STM32H7S3I8K6, STM32H7S3I8T6, STM32H7S3L8H6, STM32H7S3L8H6H, STM32H7S3R8V6, STM32H7S3V8H6, STM32H7S3V8T6, STM32H7S3V8Y6, STM32H7S3Z8J6, STM32H7S3Z8T6, STM32H7S78-DK, STM32H7S7A8I6, STM32H7S7I8K6, STM32H7S7I8T6, STM32H7S7L8H6, STM32H7S7L8H6H, STM32H7S7Z8J6, STM32L4R5QGI6STR, STM32MP131AAE3, STM32MP131AAF3, STM32MP131AAG3, STM32MP131CAE3, STM32MP131CAF3, STM32MP131CAG3, STM32MP131DAE7, STM32MP131DAF7, STM32MP131DAG7, STM32MP131FAE7, STM32MP131FAF7, STM32MP131FAG7, STM32MP133AAE3, STM32MP133AAF3, STM32MP133AAG3, STM32MP133CAE3, STM32MP133CAF3, STM32MP133CAG3, STM32MP133DAE7, STM32MP133DAF7, STM32MP133DAG7, STM32MP133FAE7, STM32MP133FAF7, STM32MP133FAG7, STM32MP135AAE3, STM32MP135AAF3, STM32MP135AAG3, STM32MP135CAE3, STM32MP135CAF3, STM32MP135CAG3, STM32MP135DAE7, STM32MP135DAF7, STM32MP135DAG7, STM32MP135F-DK, STM32MP135FAE7, STM32MP135FAF7, STM32MP135FAF7T, STM32MP135FAF7U, STM32MP135FAG7, STM32U031C6T6, STM32U031C6U6, STM32U031C8T6, STM32U031C8U6, STM32U031F4P6, STM32U031F6P6, STM32U031F8P6, STM32U031G6Y6TR, STM32U031G8Y6TR, STM32U031K4U6, STM32U031K6U6, STM32U031K8U6, STM32U031R6I6, STM32U031R6T6, STM32U031R8I6, STM32U031R8T6, STM32U073C8T6, STM32U073C8U6, STM32U073CBT6, STM32U073CBU6, STM32U073CCT6, STM32U073CCU6, STM32U073H8Y6TR, STM32U073HBY6TR, STM32U073HCY6TR, STM32U073K8U6, STM32U073KBU6, STM32U073KCU6, STM32U073M8I6, STM32U073M8T6, STM32U073MBI6, STM32U073MBT6, STM32U073MCI6, STM32U073MCT6, STM32U073R8I6, STM32U073R8T6, STM32U073RBI6, STM32U073RBT6, STM32U073RCI6, STM32U073RCT6, STM32U083C-DK, STM32U083CCT6, STM32U083CCU6, STM32U083HCY6TR, STM32U083KCU6, STM32U083MCI6, STM32U083MCT6, STM32U083RCI6, STM32U083RCT6, STM32U535CBT6, STM32U535CBT6Q, STM32U535CBU6, STM32U535CBU6Q, STM32U535CCT6, STM32U535CCT6Q, STM32U535CCU6, STM32U535CCU6Q, STM32U535CET6, STM32U535CET6Q, STM32U535CEU6, STM32U535CEU6Q, STM32U535JEY6QTR, STM32U535NCY6QTR, STM32U535NEY6QTR, STM32U535RBI6, STM32U535RBI6Q, STM32U535RBT6, STM32U535RBT6Q, STM32U535RCI6, STM32U535RCI6Q, STM32U535RCT6, STM32U535RCT6Q, STM32U535REI6, STM32U535REI6Q, STM32U535RET6, STM32U535RET6Q, STM32U535VCI6, STM32U535VCI6Q, STM32U535VCT6, STM32U535VCT6Q, STM32U535VEI6, STM32U535VEI6Q, STM32U535VET6, STM32U535VET6Q, STM32U545CET6, STM32U545CET6Q, STM32U545CEU6, STM32U545CEU6Q, STM32U545JEY6QTR, STM32U545NEY6QTR, STM32U545REI6, STM32U545REI6Q, STM32U545RET6, STM32U545RET6Q, STM32U545VEI6, STM32U545VEI6Q, STM32U545VET6, STM32U545VET6Q, STM32U595AIH6, STM32U595AIH6Q, STM32U595AJH6, STM32U595AJH6Q, STM32U595QII6, STM32U595QII6Q, STM32U595QJI6, STM32U595QJI6Q, STM32U595RIT6, STM32U595RIT6Q, STM32U595RJT6, STM32U595RJT6Q, STM32U595VIT6, STM32U595VIT6Q, STM32U595VJT6, STM32U595VJT6Q, STM32U595ZIT6, STM32U595ZIT6Q, STM32U595ZIY6QTR, STM32U595ZJT6, STM32U595ZJT6Q, STM32U595ZJY6QTR, STM32U599BJY6QTR, STM32U599NIH6Q, STM32U599NJH6Q, STM32U599VIT6Q, STM32U599VJT6, STM32U599VJT6Q, STM32U599ZIT6Q, STM32U599ZIY6QTR, STM32U599ZJT6Q, STM32U599ZJY6QTR, STM32U5A5AJH6, STM32U5A5AJH6Q, STM32U5A5QII3Q , STM32U5A5QJI6, STM32U5A5QJI6Q, STM32U5A5RJT6, STM32U5A5RJT6Q, STM32U5A5VJT6, STM32U5A5VJT6Q, STM32U5A5ZJT6, STM32U5A5ZJT6Q, STM32U5A5ZJY6QTR, STM32U5A9BJY6QTR, STM32U5A9J-DK, STM32U5A9NJH6Q, STM32U5A9VJT6Q, STM32U5A9ZJT6Q, STM32U5A9ZJY6QTR, STM32U5F7VIT6, STM32U5F7VIT6Q, STM32U5F7VJT6, STM32U5F7VJT6Q, STM32U5F9BJY6QTR, STM32U5F9NJH6Q, STM32U5F9VIT6Q, STM32U5F9VJT6Q, STM32U5F9ZIJ6QTR, STM32U5F9ZIT6Q, STM32U5F9ZJJ6QTR, STM32U5F9ZJT6Q, STM32U5G7VJT6, STM32U5G7VJT6Q, STM32U5G9BJY6QTR, STM32U5G9J-DK1, STM32U5G9J-DK2, STM32U5G9NJH6Q, STM32U5G9VJT6Q, STM32U5G9ZJJ6QTR, STM32U5G9ZJT6Q, STM32WB1MMCH6, STM32WBA50KEU6, STM32WBA50KEU6TR, STM32WBA50KGU6, STM32WBA50KGU6TR, STM32WBA52CEU6, STM32WBA52CEU6TR, STM32WBA52CEU7, STM32WBA52CEU7TR, STM32WBA52CGU6, STM32WBA52CGU6TR, STM32WBA52CGU6U, STM32WBA52CGU7, STM32WBA52CGU7TR, STM32WBA52KEU6, STM32WBA52KEU6TR, STM32WBA52KGU6, STM32WBA52KGU6TR, STM32WBA54CEU6, STM32WBA54CEU6TR, STM32WBA54CEU7, STM32WBA54CEU7TR, STM32WBA54CGU6, STM32WBA54CGU6TR, STM32WBA54CGU7, STM32WBA54CGU7TR, STM32WBA54KEU6, STM32WBA54KEU6TR, STM32WBA54KEU7, STM32WBA54KEU7TR, STM32WBA54KGU6, STM32WBA54KGU6TR, STM32WBA54KGU7, STM32WBA54KGU7TR, STM32WBA55CEU6, STM32WBA55CEU6TR, STM32WBA55CEU7, STM32WBA55CEU7TR, STM32WBA55CGU6, STM32WBA55CGU6TR, STM32WBA55CGU6U, STM32WBA55CGU7, STM32WBA55CGU7TR, STM32WBA55G-DK1, STM32WBA55HEF6, STM32WBA55HEF7, STM32WBA55HGF6, STM32WBA55HGF7, STM32WBA55UEI6, STM32WBA55UEI6TR, STM32WBA55UEI7, STM32WBA55UEI7TR, STM32WBA55UGI6, STM32WBA55UGI6TR, STM32WBA55UGI7, STM32WBA55UGI7TR, STM32WL5MOCH6, STM32WL5MOCH6TR]
2024-06-07 22:57:36,743 [INFO] DbMcus:218 - Found 4096 MCUs, 4096 are supported
2024-06-07 22:57:36,745 [INFO] ApiDb:423 - Load user favorites file C:\Users\antor/.stm32cubeide/favorites.mcus.txt: 0 item(s)
2024-06-07 22:57:36,745 [INFO] ApiDb:427 - User favorites MCUs=[]
2024-06-07 22:57:36,745 [INFO] DbMcus:224 - Set 0 / 0 favorites MCUs
2024-06-07 22:57:36,998 [INFO] ApiDb:423 - Load user favorites file C:\Users\antor/.stm32cubeide/favorites.boards.txt: 0 item(s)
2024-06-07 22:57:36,998 [INFO] ApiDb:427 - User favorites Boards=[]
2024-06-07 22:57:36,998 [INFO] DbBoards:198 - Set 0 / 0 favorites Boards
2024-06-07 22:57:36,999 [INFO] McuFinderGlobals:76 - Set McuFinderConnectedMode to true
2024-06-07 22:57:37,007 [INFO] MultiScanPanel:200 - Auto-refresh data requested => check proxy status ongoing
2024-06-07 22:57:37,010 [INFO] FinderPluginLoader:95 - Searching for filters in installed packs
2024-06-07 22:57:38,611 [INFO] LoadUrlFilesThread:185 - End of LoadServerUrlFiles without Thread
2024-06-07 22:57:38,623 [INFO] DetailPanel:341 - Set advertising image to C:/Users/antor/STM32Cube/Repository/\en.prom-stm32h7rs-mcu-finder.jpg
2024-06-07 22:57:45,079 [INFO] MultiScanPanel:200 - Auto-refresh data requested => check proxy status ongoing
2024-06-07 22:57:45,223 [INFO] LoadUrlFilesThread:185 - End of LoadServerUrlFiles without Thread
2024-06-07 22:57:45,223 [INFO] DetailPanel:341 - Set advertising image to C:/Users/antor/STM32Cube/Repository/\en.prom-stm32h7rs-mcu-finder.jpg
2024-06-07 22:57:45,237 [INFO] DbBoards:642 - Loading board mini-images...
2024-06-07 22:57:47,107 [INFO] DbBoards:665 - Loaded 199 board mini-images
2024-06-07 22:58:25,889 [INFO] McuFinderGlobals:76 - Set McuFinderConnectedMode to true
2024-06-07 22:58:25,898 [INFO] ApiDb:448 - Save user favorites file C:\Users\antor/.stm32cubeide/favorites.mcus.txt: 0 item(s)
2024-06-07 22:58:25,898 [INFO] ApiDb:452 - User favorites MCUs=[]
2024-06-07 22:58:25,916 [INFO] ApiDb:448 - Save user favorites file C:\Users\antor/.stm32cubeide/favorites.boards.txt: 0 item(s)
2024-06-07 22:58:25,916 [INFO] ApiDb:452 - User favorites Boards=[]
2024-06-07 23:14:56,945 [ERROR] LogOutputStream:75 - [STDERR_REDIRECT] 
2024-06-07 23:15:06,333 [INFO] Activator:176 - 


2024-06-07 23:15:06,336 [INFO] Activator:177 - !SESSION log4j initialized
2024-06-07 23:15:12,868 [INFO] LogOutputStream:77 - [STDOUT_REDIRECT] 
2024-06-07 23:15:14,208 [INFO] ApplicationProperties:184 - Using Application install path: C:\ST\STM32CubeIDE_1.15.1\STM32CubeIDE\plugins\com.st.stm32cube.common.mx_6.11.1.202404110753
2024-06-07 23:15:14,233 [INFO] DbMcusXml:78 - Set database path to: C:\ST\STM32CubeIDE_1.15.1\STM32CubeIDE\plugins\com.st.stm32cube.common.mx_6.11.1.202404110753\\db\/mcu/
2024-06-07 23:15:14,233 [INFO] ApiDb:274 - Set plugin database path to: C:\ST\STM32CubeIDE_1.15.1\STM32CubeIDE\plugins\com.st.stm32cube.common.mx_6.11.1.202404110753\\db\/plugins/boardmanager/
2024-06-07 23:15:14,233 [WARN] ApiDb:259 - Overriding images path with different value:  => C:\ST\STM32CubeIDE_1.15.1\STM32CubeIDE\plugins\com.st.stm32cube.common.mx_6.11.1.202404110753\\db\/plugins/mcufinder/images/
2024-06-07 23:15:14,242 [INFO] ApiDb:250 - Set database path to: C:\Users\antor\.stmcufinder\plugins\mcufinder//mcu/
2024-06-07 23:15:14,244 [INFO] DbMcusAds:125 - Set database path to: C:\Users\antor\.stmcufinder\plugins\mcufinder//mcu/
2024-06-07 23:15:14,246 [INFO] CrossReferenceDbSqlite:203 - Set database path to: C:\Users\antor\.stmcufinder\plugins\mcufinder//mcu/cs/
2024-06-07 23:15:14,384 [INFO] RulesReader:64 - Compatibility file has been processed (297 Rules)
2024-06-07 23:15:14,532 [INFO] DbMcusXml:78 - Set database path to: C:\ST\STM32CubeIDE_1.15.1\STM32CubeIDE\plugins\com.st.stm32cube.common.mx_6.11.1.202404110753\\db\/mcu/
2024-06-07 23:15:14,533 [INFO] ApiDb:274 - Set plugin database path to: C:\ST\STM32CubeIDE_1.15.1\STM32CubeIDE\plugins\com.st.stm32cube.common.mx_6.11.1.202404110753\\db\/plugins/boardmanager/
2024-06-07 23:15:14,534 [INFO] ApiDb:261 - Set plugin images path to: C:\ST\STM32CubeIDE_1.15.1\STM32CubeIDE\plugins\com.st.stm32cube.common.mx_6.11.1.202404110753\\db\/plugins/mcufinder/images/
2024-06-07 23:15:14,535 [WARN] DbFile:41 - Overriding database path with different value: C:\Users\antor\.stmcufinder\plugins\mcufinder/ => C:\Users\antor\.stmcufinder\plugins\mcufinder
2024-06-07 23:15:14,536 [INFO] ApiDb:250 - Set database path to: C:\Users\antor\.stmcufinder\plugins\mcufinder//mcu/
2024-06-07 23:15:14,536 [WARN] DbFile:41 - Overriding database path with different value: C:\Users\antor\.stmcufinder\plugins\mcufinder/ => C:\Users\antor\.stmcufinder\plugins\mcufinder
2024-06-07 23:15:14,537 [INFO] DbMcusAds:125 - Set database path to: C:\Users\antor\.stmcufinder\plugins\mcufinder//mcu/
2024-06-07 23:15:14,537 [WARN] DbFile:41 - Overriding database path with different value: C:\Users\antor\.stmcufinder\plugins\mcufinder/ => C:\Users\antor\.stmcufinder\plugins\mcufinder
2024-06-07 23:15:14,537 [WARN] DbFile:41 - Overriding database path with different value: C:\Users\antor\.stmcufinder\plugins\mcufinder/ => C:\Users\antor\.stmcufinder\plugins\mcufinder
2024-06-07 23:15:14,538 [INFO] CrossReferenceDbSqlite:203 - Set database path to: C:\Users\antor\.stmcufinder\plugins\mcufinder//mcu/cs/
2024-06-07 23:15:14,698 [INFO] MainPanel:264 - HeapMemory: 268435456
2024-06-07 23:15:14,836 [INFO] DbMcusXml:78 - Set database path to: C:\ST\STM32CubeIDE_1.15.1\STM32CubeIDE\plugins\com.st.stm32cube.common.mx_6.11.1.202404110753\\db\/mcu/
2024-06-07 23:15:14,836 [INFO] ApiDb:274 - Set plugin database path to: C:\ST\STM32CubeIDE_1.15.1\STM32CubeIDE\plugins\com.st.stm32cube.common.mx_6.11.1.202404110753\\db\/plugins/boardmanager/
2024-06-07 23:15:14,836 [INFO] ApiDb:261 - Set plugin images path to: C:\ST\STM32CubeIDE_1.15.1\STM32CubeIDE\plugins\com.st.stm32cube.common.mx_6.11.1.202404110753\\db\/plugins/mcufinder/images/
2024-06-07 23:15:14,837 [WARN] DbFile:41 - Overriding database path with different value: C:\Users\antor\.stmcufinder\plugins\mcufinder/ => C:\Users\antor\.stmcufinder\plugins\mcufinder
2024-06-07 23:15:14,837 [INFO] ApiDb:250 - Set database path to: C:\Users\antor\.stmcufinder\plugins\mcufinder//mcu/
2024-06-07 23:15:14,837 [WARN] DbFile:41 - Overriding database path with different value: C:\Users\antor\.stmcufinder\plugins\mcufinder/ => C:\Users\antor\.stmcufinder\plugins\mcufinder
2024-06-07 23:15:14,837 [INFO] DbMcusAds:125 - Set database path to: C:\Users\antor\.stmcufinder\plugins\mcufinder//mcu/
2024-06-07 23:15:14,837 [WARN] DbFile:41 - Overriding database path with different value: C:\Users\antor\.stmcufinder\plugins\mcufinder/ => C:\Users\antor\.stmcufinder\plugins\mcufinder
2024-06-07 23:15:14,837 [WARN] DbFile:41 - Overriding database path with different value: C:\Users\antor\.stmcufinder\plugins\mcufinder/ => C:\Users\antor\.stmcufinder\plugins\mcufinder
2024-06-07 23:15:14,837 [INFO] CrossReferenceDbSqlite:203 - Set database path to: C:\Users\antor\.stmcufinder\plugins\mcufinder//mcu/cs/
2024-06-07 23:15:14,859 [INFO] ApplicationProperties:184 - Using Application install path: C:\ST\STM32CubeIDE_1.15.1\STM32CubeIDE\plugins\com.st.stm32cube.common.mx_6.11.1.202404110753
2024-06-07 23:15:14,862 [INFO] PluginManage:196 - Search for loadable plugins [exclusion list=, ]
2024-06-07 23:15:14,863 [INFO] PluginManage:310 - Check plugin analytics
2024-06-07 23:15:15,062 [INFO] AnalyticsPlugin:253 - Accepted Software Licenses: 
2024-06-07 23:15:15,063 [INFO] AnalyticsPlugin:255 - Accepted CMSIS Pack Licenses: 
2024-06-07 23:15:15,063 [INFO] AnalyticsPlugin:257 - Accepted Firmware Licenses: 
2024-06-07 23:15:15,071 [INFO] PluginManage:359 - Loaded plugin analytics (category:tool,tabindex:-1)
2024-06-07 23:15:15,072 [INFO] PluginManage:310 - Check plugin cadmodel
2024-06-07 23:15:15,079 [INFO] CADModel:105 - Init CAD model plugin
2024-06-07 23:15:15,079 [INFO] PluginManage:359 - Loaded plugin cadmodel (category:power,tabindex:5)
2024-06-07 23:15:15,080 [INFO] PluginManage:310 - Check plugin clock
2024-06-07 23:15:15,089 [INFO] PluginManage:359 - Loaded plugin clock (category:base,tabindex:2)
2024-06-07 23:15:15,090 [INFO] PluginManage:310 - Check plugin ddr
2024-06-07 23:15:15,093 [INFO] PluginManage:359 - Loaded plugin ddr (category:tool,tabindex:6)
2024-06-07 23:15:15,093 [INFO] PluginManage:310 - Check plugin filemanager
2024-06-07 23:15:15,295 [INFO] PluginManage:359 - Loaded plugin filemanager (category:base,tabindex:10)
2024-06-07 23:15:15,295 [INFO] PluginManage:310 - Check plugin ipmanager
2024-06-07 23:15:15,304 [INFO] PluginManage:359 - Loaded plugin ipmanager (category:base,tabindex:5)
2024-06-07 23:15:15,304 [INFO] PluginManage:310 - Check plugin lpbam
2024-06-07 23:15:15,313 [INFO] PluginManage:359 - Loaded plugin lpbam (category:base,tabindex:0)
2024-06-07 23:15:15,313 [INFO] PluginManage:310 - Check plugin memorymap
2024-06-07 23:15:15,340 [INFO] PluginManage:359 - Loaded plugin memorymap (category:base,tabindex:4)
2024-06-07 23:15:15,341 [INFO] PluginManage:310 - Check plugin pinoutandconfiguration
2024-06-07 23:15:15,348 [INFO] PluginManage:359 - Loaded plugin pinoutandconfiguration (category:base,tabindex:1)
2024-06-07 23:15:15,348 [INFO] PluginManage:310 - Check plugin pinoutconfig
2024-06-07 23:15:15,449 [WARN] SupportedApi:132 - Cannot load RTOS API schema: s4s-elt-must-match.1: The content of 'definitions' must match (annotation?, (simpleType | complexType)?, (unique | key | keyref)*)). A problem was found starting at: attribute.
2024-06-07 23:15:15,634 [INFO] PluginManage:359 - Loaded plugin pinoutconfig (category:base,tabindex:0)
2024-06-07 23:15:15,634 [INFO] PluginManage:310 - Check plugin power
2024-06-07 23:15:15,646 [INFO] PluginManage:359 - Loaded plugin power (category:power,tabindex:4)
2024-06-07 23:15:15,647 [INFO] PluginManage:310 - Check plugin projectmanager
2024-06-07 23:15:15,668 [INFO] PluginManage:359 - Loaded plugin projectmanager (category:projectmanager,tabindex:3)
2024-06-07 23:15:15,668 [INFO] PluginManage:310 - Check plugin thirdparty
2024-06-07 23:15:15,838 [INFO] PluginManage:359 - Loaded plugin thirdparty (category:base,tabindex:-1)
2024-06-07 23:15:15,839 [INFO] PluginManage:310 - Check plugin tools
2024-06-07 23:15:15,838 [WARN] IntegrityCheckThread:84 - waiting for thirdparty lock release [integrity check]
2024-06-07 23:15:15,839 [INFO] IntegrityCheckThread:86 - entering critical section [integrity check]
2024-06-07 23:15:15,840 [INFO] ThirdPartyUpdaterWithRetryManager:70 - Updater plugin not ready yet. [1/15]
2024-06-07 23:15:15,843 [INFO] PluginManage:359 - Loaded plugin tools (category:base,tabindex:7)
2024-06-07 23:15:15,844 [INFO] PluginManage:310 - Check plugin tutovideos
2024-06-07 23:15:16,127 [INFO] PluginManage:359 - Loaded plugin tutovideos (category:base,tabindex:-1)
2024-06-07 23:15:16,127 [INFO] PluginManage:310 - Check plugin updater
2024-06-07 23:15:16,138 [INFO] PluginManage:359 - Loaded plugin updater (category:base,tabindex:12)
2024-06-07 23:15:16,139 [INFO] PluginManage:310 - Check plugin userauth
2024-06-07 23:15:16,146 [INFO] UserAuth:114 - Init User Auth plugin
2024-06-07 23:15:16,146 [INFO] PluginManage:359 - Loaded plugin userauth (category:base,tabindex:14)
2024-06-07 23:15:16,147 [INFO] PluginManage:283 - PluginManage : Loaded plugins [17]
2024-06-07 23:15:16,414 [INFO] PinOutPanel:1561 - setPackage(No Configuration,No Configuration)
2024-06-07 23:15:16,500 [INFO] CADModel:165 - CPN selected for project level
2024-06-07 23:15:16,500 [INFO] CADModel:114 - Register for checkConnection events
2024-06-07 23:15:16,522 [INFO] IPUIPlugin:80 - create IPUIPlugin
2024-06-07 23:15:16,522 [INFO] PluginManager:220 - loadIPPluginJar : add adc
2024-06-07 23:15:16,524 [INFO] IPUIPlugin:80 - create IPUIPlugin
2024-06-07 23:15:16,524 [INFO] PluginManager:220 - loadIPPluginJar : add aes
2024-06-07 23:15:16,527 [INFO] IPUIPlugin:80 - create IPUIPlugin
2024-06-07 23:15:16,527 [INFO] PluginManager:220 - loadIPPluginJar : add can
2024-06-07 23:15:16,530 [INFO] IPUIPlugin:80 - create IPUIPlugin
2024-06-07 23:15:16,530 [INFO] PluginManager:220 - loadIPPluginJar : add comp
2024-06-07 23:15:16,534 [INFO] IPUIPlugin:80 - create IPUIPlugin
2024-06-07 23:15:16,534 [INFO] PluginManager:220 - loadIPPluginJar : add cryp
2024-06-07 23:15:16,537 [INFO] IPUIPlugin:80 - create IPUIPlugin
2024-06-07 23:15:16,537 [INFO] PluginManager:220 - loadIPPluginJar : add dfsdm
2024-06-07 23:15:16,543 [INFO] IPUIPlugin:80 - create IPUIPlugin
2024-06-07 23:15:16,543 [INFO] PluginManager:220 - loadIPPluginJar : add dma
2024-06-07 23:15:16,546 [INFO] IPUIPlugin:80 - create IPUIPlugin
2024-06-07 23:15:16,546 [INFO] PluginManager:220 - loadIPPluginJar : add dma3
2024-06-07 23:15:16,550 [INFO] IPUIPlugin:80 - create IPUIPlugin
2024-06-07 23:15:16,550 [INFO] PluginManager:220 - loadIPPluginJar : add extmemmanager
2024-06-07 23:15:16,552 [INFO] IPUIPlugin:80 - create IPUIPlugin
2024-06-07 23:15:16,552 [INFO] PluginManager:220 - loadIPPluginJar : add fatfs
2024-06-07 23:15:16,558 [INFO] IPUIPlugin:80 - create IPUIPlugin
2024-06-07 23:15:16,558 [INFO] PluginManager:220 - loadIPPluginJar : add fmc
2024-06-07 23:15:16,565 [INFO] IPUIPlugin:80 - create IPUIPlugin
2024-06-07 23:15:16,565 [INFO] PluginManager:220 - loadIPPluginJar : add freertos
2024-06-07 23:15:16,567 [INFO] IPUIPlugin:80 - create IPUIPlugin
2024-06-07 23:15:16,567 [INFO] PluginManager:220 - loadIPPluginJar : add genericplugin
2024-06-07 23:15:16,571 [INFO] IPUIPlugin:80 - create IPUIPlugin
2024-06-07 23:15:16,571 [INFO] PluginManager:220 - loadIPPluginJar : add gfxmmu
2024-06-07 23:15:16,577 [INFO] IPUIPlugin:80 - create IPUIPlugin
2024-06-07 23:15:16,578 [INFO] PluginManager:220 - loadIPPluginJar : add gic
2024-06-07 23:15:16,584 [INFO] IPUIPlugin:80 - create IPUIPlugin
2024-06-07 23:15:16,584 [INFO] PluginManager:220 - loadIPPluginJar : add gpio
2024-06-07 23:15:16,588 [INFO] IPUIPlugin:80 - create IPUIPlugin
2024-06-07 23:15:16,588 [INFO] PluginManager:220 - loadIPPluginJar : add gtzc
2024-06-07 23:15:16,592 [INFO] IPUIPlugin:80 - create IPUIPlugin
2024-06-07 23:15:16,592 [INFO] PluginManager:220 - loadIPPluginJar : add hash
2024-06-07 23:15:16,595 [INFO] IPUIPlugin:80 - create IPUIPlugin
2024-06-07 23:15:16,595 [INFO] PluginManager:220 - loadIPPluginJar : add i2c
2024-06-07 23:15:16,599 [INFO] IPUIPlugin:80 - create IPUIPlugin
2024-06-07 23:15:16,599 [INFO] PluginManager:220 - loadIPPluginJar : add i2s
2024-06-07 23:15:16,602 [INFO] IPUIPlugin:80 - create IPUIPlugin
2024-06-07 23:15:16,602 [INFO] PluginManager:220 - loadIPPluginJar : add i3c
2024-06-07 23:15:16,606 [INFO] IPUIPlugin:80 - create IPUIPlugin
2024-06-07 23:15:16,606 [INFO] PluginManager:220 - loadIPPluginJar : add ipddr
2024-06-07 23:15:16,615 [INFO] IPUIPlugin:80 - create IPUIPlugin
2024-06-07 23:15:16,615 [INFO] PluginManager:220 - loadIPPluginJar : add linkedlist
2024-06-07 23:15:16,618 [INFO] IPUIPlugin:80 - create IPUIPlugin
2024-06-07 23:15:16,618 [INFO] PluginManager:220 - loadIPPluginJar : add lorawan
2024-06-07 23:15:16,620 [INFO] IPUIPlugin:80 - create IPUIPlugin
2024-06-07 23:15:16,620 [INFO] PluginManager:220 - loadIPPluginJar : add ltdc
2024-06-07 23:15:16,626 [INFO] IPUIPlugin:80 - create IPUIPlugin
2024-06-07 23:15:16,626 [INFO] PluginManager:220 - loadIPPluginJar : add mdma
2024-06-07 23:15:16,630 [INFO] IPUIPlugin:80 - create IPUIPlugin
2024-06-07 23:15:16,630 [INFO] PluginManager:220 - loadIPPluginJar : add nvic
2024-06-07 23:15:16,633 [INFO] IPUIPlugin:80 - create IPUIPlugin
2024-06-07 23:15:16,634 [INFO] PluginManager:220 - loadIPPluginJar : add opamp
2024-06-07 23:15:16,636 [INFO] IPUIPlugin:80 - create IPUIPlugin
2024-06-07 23:15:16,636 [INFO] PluginManager:220 - loadIPPluginJar : add openamp
2024-06-07 23:15:16,641 [INFO] IPUIPlugin:80 - create IPUIPlugin
2024-06-07 23:15:16,641 [INFO] PluginManager:220 - loadIPPluginJar : add pdm2pcm
2024-06-07 23:15:16,647 [INFO] IPUIPlugin:80 - create IPUIPlugin
2024-06-07 23:15:16,650 [INFO] PluginManager:220 - loadIPPluginJar : add plateformsettings
2024-06-07 23:15:16,652 [INFO] IPUIPlugin:80 - create IPUIPlugin
2024-06-07 23:15:16,652 [INFO] PluginManager:220 - loadIPPluginJar : add quadspi
2024-06-07 23:15:16,656 [INFO] IPUIPlugin:80 - create IPUIPlugin
2024-06-07 23:15:16,656 [INFO] PluginManager:220 - loadIPPluginJar : add resmgrutility
2024-06-07 23:15:16,659 [INFO] IPUIPlugin:80 - create IPUIPlugin
2024-06-07 23:15:16,660 [INFO] PluginManager:220 - loadIPPluginJar : add sai
2024-06-07 23:15:16,662 [INFO] IPUIPlugin:80 - create IPUIPlugin
2024-06-07 23:15:16,662 [INFO] PluginManager:220 - loadIPPluginJar : add spi
2024-06-07 23:15:16,668 [INFO] IPUIPlugin:80 - create IPUIPlugin
2024-06-07 23:15:16,668 [INFO] PluginManager:220 - loadIPPluginJar : add stm32_wpan
2024-06-07 23:15:16,670 [INFO] IPUIPlugin:80 - create IPUIPlugin
2024-06-07 23:15:16,670 [INFO] PluginManager:220 - loadIPPluginJar : add tim
2024-06-07 23:15:16,673 [INFO] IPUIPlugin:80 - create IPUIPlugin
2024-06-07 23:15:16,673 [INFO] PluginManager:220 - loadIPPluginJar : add touchsensing
2024-06-07 23:15:16,676 [INFO] IPUIPlugin:80 - create IPUIPlugin
2024-06-07 23:15:16,676 [INFO] PluginManager:220 - loadIPPluginJar : add tracer_emb
2024-06-07 23:15:16,677 [INFO] IPUIPlugin:80 - create IPUIPlugin
2024-06-07 23:15:16,678 [INFO] PluginManager:220 - loadIPPluginJar : add ts
2024-06-07 23:15:16,679 [INFO] IPUIPlugin:80 - create IPUIPlugin
2024-06-07 23:15:16,679 [INFO] PluginManager:220 - loadIPPluginJar : add tsc
2024-06-07 23:15:16,681 [INFO] IPUIPlugin:80 - create IPUIPlugin
2024-06-07 23:15:16,681 [INFO] PluginManager:220 - loadIPPluginJar : add ucpd
2024-06-07 23:15:16,685 [INFO] IPUIPlugin:80 - create IPUIPlugin
2024-06-07 23:15:16,685 [INFO] PluginManager:220 - loadIPPluginJar : add usart
2024-06-07 23:15:16,688 [INFO] IPUIPlugin:80 - create IPUIPlugin
2024-06-07 23:15:16,688 [INFO] PluginManager:220 - loadIPPluginJar : add usbx
2024-06-07 23:15:16,824 [INFO] CADModel:165 - CPN selected for project level
2024-06-07 23:15:16,824 [INFO] CADModel:114 - Register for checkConnection events
2024-06-07 23:15:16,824 [FATAL] Updater:308 - Updater called before beeing initialized
2024-06-07 23:15:16,824 [ERROR] CADModel:125 - Updater not yet initialized, retry later 
2024-06-07 23:15:17,034 [INFO] CADModel:165 - CPN selected for project level
2024-06-07 23:15:17,034 [INFO] CADModel:114 - Register for checkConnection events
2024-06-07 23:15:17,034 [FATAL] Updater:308 - Updater called before beeing initialized
2024-06-07 23:15:17,034 [ERROR] CADModel:125 - Updater not yet initialized, retry later 
2024-06-07 23:15:17,038 [FATAL] Updater:308 - Updater called before beeing initialized
2024-06-07 23:15:17,146 [FATAL] Updater:308 - Updater called before beeing initialized
2024-06-07 23:15:17,150 [INFO] DbMcusAds:53 - JSON generation date=Thu May 16 14:52:00 IST 2024 (1715851320852)
2024-06-07 23:15:17,150 [FATAL] Updater:308 - Updater called before beeing initialized
2024-06-07 23:15:17,193 [WARN] DetailPanel:346 - Failed to get advertising image, set to default
2024-06-07 23:15:17,287 [FATAL] Updater:308 - Updater called before beeing initialized
2024-06-07 23:15:17,289 [FATAL] Updater:308 - Updater called before beeing initialized
2024-06-07 23:15:17,289 [FATAL] Updater:308 - Updater called before beeing initialized
2024-06-07 23:15:17,289 [WARN] DetailPanel:346 - Failed to get advertising image, set to default
2024-06-07 23:15:17,290 [FATAL] Updater:308 - Updater called before beeing initialized
2024-06-07 23:15:17,348 [ERROR] Updater:1120 - MainUpdater not yet initialized. External WinMGr cannot be set.
2024-06-07 23:15:17,350 [INFO] Updater:1056 - Updater Version found : 6.11.1
2024-06-07 23:15:17,386 [INFO] ApplicationProperties:184 - Using Application install path: C:\ST\STM32CubeIDE_1.15.1\STM32CubeIDE\plugins\com.st.stm32cube.common.mx_6.11.1.202404110753
2024-06-07 23:15:18,842 [INFO] ThirdPartyUpdaterWithRetryManager:70 - Updater plugin not ready yet. [2/15]
2024-06-07 23:15:18,962 [ERROR] LogOutputStream:75 - [STDERR_REDIRECT] Jun 07, 2024 11:15:18 PM java.util.prefs.WindowsPreferences <init>
2024-06-07 23:15:18,962 [ERROR] LogOutputStream:75 - [STDERR_REDIRECT] WARNING: Could not open/create prefs root node Software\JavaSoft\Prefs at root 0xffffffff80000002. Windows RegCreateKeyEx(...) returned error code 5.
2024-06-07 23:15:18,962 [ERROR] LogOutputStream:75 - [STDERR_REDIRECT] 
2024-06-07 23:15:19,398 [INFO] MainUpdater:2873 - connection check result : 10
2024-06-07 23:15:19,398 [INFO] MainUpdater:290 - Updater Check For Update Now.
2024-06-07 23:15:19,398 [INFO] MicroXplorer:498 - Change Database Version : DB.6.0.111
2024-06-07 23:15:19,413 [INFO] McuFinderGlobals:63 - Set McuFinder mode to 2 (CubeIDE integrated)
2024-06-07 23:15:19,413 [INFO] UserAuth:179 - activating auth plugin
2024-06-07 23:15:19,413 [INFO] UserAuth:415 - Internet connection configuration mode: 1
2024-06-07 23:15:19,458 [INFO] JxBrowserEngine:152 - Initiate JxBrowser Engine with user profile folder
2024-06-07 23:15:19,593 [INFO] CheckServerUpdateThread:120 - End of CheckServer Thread
2024-06-07 23:15:20,442 [INFO] WebApp:161 - Instantiating new browser for Auth
2024-06-07 23:15:21,350 [INFO] WebApp:779 - Register for checkConnection events
2024-06-07 23:15:21,350 [INFO] WebApp:414 - Apply proxy settings
2024-06-07 23:15:21,350 [INFO] WebApp:499 - Chromium requires no authentication
2024-06-07 23:15:21,363 [INFO] WebApp:442 - Direct internet connection detected
2024-06-07 23:15:21,599 [INFO] WebApp:192 - Starting web application
2024-06-07 23:15:21,599 [INFO] WebApp:544 - Web application path used C:\ST\STM32CubeIDE_1.15.1\STM32CubeIDE\plugins\com.st.stm32cube.common.mx_6.11.1.202404110753\db\plugins\mcufinder\reactClient1\index.html
2024-06-07 23:15:22,110 [WARN] PackLoader:240 - Cannot read IP mode file for STMicroelectronics.FP-SNS-MOTENVWB1.1.4.0
2024-06-07 23:15:22,126 [WARN] PackLoader:240 - Cannot read IP mode file for STMicroelectronics.X-CUBE-SMBUS.2.1.0
2024-06-07 23:15:22,135 [WARN] PackLoader:240 - Cannot read IP mode file for STMicroelectronics.X-CUBE-TOUCHGFX.4.23.2
2024-06-07 23:15:22,175 [WARN] PackLoader:240 - Cannot read IP mode file for STMicroelectronics.X-CUBE-AZRTOS-F7.1.1.0
2024-06-07 23:15:22,188 [WARN] PackLoader:240 - Cannot read IP mode file for STMicroelectronics.FP-SNS-FLIGHT1.5.0.2
2024-06-07 23:15:22,200 [WARN] PackLoader:240 - Cannot read IP mode file for STMicroelectronics.X-CUBE-DISPLAY.3.0.0
2024-06-07 23:15:22,229 [WARN] PackLoader:240 - Cannot read IP mode file for STMicroelectronics.X-CUBE-BLE1.7.0.0
2024-06-07 23:15:22,239 [WARN] PackLoader:240 - Cannot read IP mode file for emotas.I-CUBE-CANOPEN.1.3.0
2024-06-07 23:15:22,286 [WARN] PackLoader:240 - Cannot read IP mode file for STMicroelectronics.X-CUBE-BLEMGR.3.1.0
2024-06-07 23:15:22,299 [WARN] PackLoader:240 - Cannot read IP mode file for STMicroelectronics.FP-SNS-SMARTAG2.1.2.0
2024-06-07 23:15:22,332 [INFO] LogOutputStream:77 - [STDOUT_REDIRECT] 1 : Invalid condition id : UX_CORESTACK_Condition cause : null
2024-06-07 23:15:22,334 [INFO] LogOutputStream:77 - [STDOUT_REDIRECT] 1 : Invalid condition id : UX_CORESTACK_Condition cause : null
2024-06-07 23:15:22,335 [INFO] LogOutputStream:77 - [STDOUT_REDIRECT] 1 : Invalid condition id : UX_CORESTACK_Condition cause : null
2024-06-07 23:15:22,336 [INFO] LogOutputStream:77 - [STDOUT_REDIRECT] 1 : Invalid condition id : UX_CORESTACK_Condition cause : null
2024-06-07 23:15:22,338 [INFO] LogOutputStream:77 - [STDOUT_REDIRECT] 1 : Invalid condition id : UX_CORESTACK_Condition cause : null
2024-06-07 23:15:22,345 [WARN] PackLoader:240 - Cannot read IP mode file for STMicroelectronics.X-CUBE-AZRTOS-WL.2.0.0
2024-06-07 23:15:22,354 [WARN] PackLoader:240 - Cannot read IP mode file for STMicroelectronics.FP-SNS-MOTENV1.5.0.0
2024-06-07 23:15:22,362 [WARN] PackLoader:240 - Cannot read IP mode file for wolfSSL.I-CUBE-wolfMQTT.1.19.0
2024-06-07 23:15:22,374 [WARN] PackLoader:240 - Cannot read IP mode file for WES.I-CUBE-Cesium.1.3.0
2024-06-07 23:15:22,383 [WARN] PackLoader:240 - Cannot read IP mode file for STMicroelectronics.X-CUBE-BLE2.3.3.0
2024-06-07 23:15:22,393 [WARN] PackLoader:240 - Cannot read IP mode file for STMicroelectronics.X-CUBE-TCPP.4.1.0
2024-06-07 23:15:22,419 [WARN] PackLoader:240 - Cannot read IP mode file for STMicroelectronics.X-CUBE-AZRTOS-G0.1.1.0
2024-06-07 23:15:22,431 [WARN] PackLoader:240 - Cannot read IP mode file for STMicroelectronics.X-CUBE-SAFEA1.1.2.2
2024-06-07 23:15:22,439 [WARN] PackLoader:240 - Cannot read IP mode file for STMicroelectronics.X-CUBE-NFC4.3.0.0
2024-06-07 23:15:22,445 [WARN] PackLoader:240 - Cannot read IP mode file for wolfSSL.I-CUBE-wolfSSL.5.7.0
2024-06-07 23:15:22,452 [WARN] PackLoader:240 - Cannot read IP mode file for STMicroelectronics.FP-ATR-SIGFOX1.3.2.0
2024-06-07 23:15:22,459 [WARN] PackLoader:240 - Cannot read IP mode file for STMicroelectronics.X-CUBE-EEPRMA1.5.1.0
2024-06-07 23:15:22,468 [WARN] PackLoader:240 - Cannot read IP mode file for ITTIA_DB.I-CUBE-ITTIADB.8.9.0
2024-06-07 23:15:22,494 [WARN] PackLoader:240 - Cannot read IP mode file for SEGGER.I-CUBE-embOS.1.3.1
2024-06-07 23:15:22,530 [WARN] PackLoader:240 - Cannot read IP mode file for STMicroelectronics.X-CUBE-ALGOBUILD.1.4.0
2024-06-07 23:15:22,536 [WARN] PackLoader:240 - Cannot read IP mode file for STMicroelectronics.X-CUBE-GNSS1.6.0.0
2024-06-07 23:15:22,551 [WARN] PackLoader:240 - Cannot read IP mode file for STMicroelectronics.X-CUBE-AZRTOS-F4.1.1.0
2024-06-07 23:15:22,559 [WARN] PackLoader:240 - Cannot read IP mode file for STMicroelectronics.X-CUBE-FREERTOS.1.2.0
2024-06-07 23:15:22,574 [WARN] PackLoader:240 - Cannot read IP mode file for STMicroelectronics.X-CUBE-AZRTOS-L5.2.0.0
2024-06-07 23:15:22,592 [WARN] PackLoader:240 - Cannot read IP mode file for STMicroelectronics.X-CUBE-NFC6.3.1.0
2024-06-07 23:15:22,599 [WARN] PackLoader:240 - Cannot read IP mode file for STMicroelectronics.X-CUBE-AI.9.0.0
2024-06-07 23:15:22,605 [WARN] PackLoader:240 - Cannot read IP mode file for STMicroelectronics.X-CUBE-NFC7.1.0.1
2024-06-07 23:15:22,625 [WARN] ConditionMgr:438 - getConditionDescription Invalid condition id : LAN8742 Phy interface Condition cause : null
2024-06-07 23:15:22,626 [WARN] PackLoader:240 - Cannot read IP mode file for STMicroelectronics.X-CUBE-AZRTOS-L4.2.0.0
2024-06-07 23:15:22,627 [WARN] ConditionMgr:1039 - genDependencies : Invalid condition id : LAN8742 Phy interface Condition cause : null
2024-06-07 23:15:22,627 [WARN] ConditionMgr:1039 - genDependencies : Invalid condition id : LAN8742 Phy interface Condition cause : null
2024-06-07 23:15:22,628 [WARN] ConditionMgr:1039 - genDependencies : Invalid condition id : LAN8742 Phy interface Condition cause : null
2024-06-07 23:15:22,636 [WARN] PackLoader:240 - Cannot read IP mode file for STMicroelectronics.X-CUBE-SFXS2LP1.4.0.0
2024-06-07 23:15:22,651 [WARN] ConditionMgr:438 - getConditionDescription Invalid condition id : UX DEVICE CLASS RTOS Condition cause : null
2024-06-07 23:15:22,651 [WARN] ConditionMgr:438 - getConditionDescription Invalid condition id : UX DEVICE CLASS RTOS Condition cause : null
2024-06-07 23:15:22,655 [WARN] PackLoader:240 - Cannot read IP mode file for STMicroelectronics.X-CUBE-AZRTOS-WB.2.0.0
2024-06-07 23:15:22,656 [WARN] ConditionMgr:1039 - genDependencies : Invalid condition id : UX DEVICE CLASS RTOS Condition cause : null
2024-06-07 23:15:22,656 [WARN] ConditionMgr:1039 - genDependencies : Invalid condition id : UX DEVICE CLASS RTOS Condition cause : null
2024-06-07 23:15:22,657 [WARN] ConditionMgr:1039 - genDependencies : Invalid condition id : UX DEVICE CLASS RTOS Condition cause : null
2024-06-07 23:15:22,657 [WARN] ConditionMgr:1039 - genDependencies : Invalid condition id : UX DEVICE CLASS RTOS Condition cause : null
2024-06-07 23:15:22,657 [WARN] ConditionMgr:1039 - genDependencies : Invalid condition id : UX DEVICE CLASS RTOS Condition cause : null
2024-06-07 23:15:22,670 [WARN] PackLoader:240 - Cannot read IP mode file for STMicroelectronics.X-CUBE-SUBG2.5.0.0
2024-06-07 23:15:22,681 [WARN] PackLoader:240 - Cannot read IP mode file for Cesanta.I-CUBE-Mongoose.7.13.0
2024-06-07 23:15:22,693 [WARN] PackLoader:240 - Cannot read IP mode file for STMicroelectronics.X-CUBE-AZRTOS-G4.2.0.0
2024-06-07 23:15:22,699 [WARN] PackLoader:240 - Cannot read IP mode file for STMicroelectronics.X-CUBE-ISPU.2.0.0
2024-06-07 23:15:22,704 [WARN] PackLoader:240 - Cannot read IP mode file for STMicroelectronics.X-CUBE-ALS.1.0.2
2024-06-07 23:15:22,744 [WARN] PackLoader:240 - Cannot read IP mode file for STMicroelectronics.X-CUBE-MEMS1.10.0.0
2024-06-07 23:15:22,864 [WARN] PackLoader:240 - Cannot read IP mode file for portGmbH.I-Cube-SoM-uGOAL.1.1.0
2024-06-07 23:15:22,879 [WARN] PackLoader:240 - Cannot read IP mode file for STMicroelectronics.X-CUBE-AZRTOS-H7RS.1.0.0
2024-06-07 23:15:22,886 [WARN] PackLoader:240 - Cannot read IP mode file for STMicroelectronics.FP-ATR-ASTRA1.2.0.0
2024-06-07 23:15:22,896 [WARN] PackLoader:240 - Cannot read IP mode file for STMicroelectronics.X-CUBE-TOF1.3.4.1
2024-06-07 23:15:22,923 [WARN] PackLoader:240 - Cannot read IP mode file for STMicroelectronics.X-CUBE-AZRTOS-H7.3.2.0
2024-06-07 23:15:22,937 [WARN] PackLoader:240 - Cannot read IP mode file for Infineon.AIROC-Wi-Fi-Bluetooth-STM32.1.6.0
2024-06-07 23:15:22,940 [INFO] ThirdParty:978 - Integrity check success = true
2024-06-07 23:15:22,941 [INFO] IntegrityCheckThread:100 - exiting critical section [integrity check]
2024-06-07 23:15:22,941 [INFO] IntegrityCheckThread:103 - End integrity checks thread
2024-06-07 23:21:37,039 [INFO] LogOutputStream:77 - [STDOUT_REDIRECT] StartTraceHandler.execute(), success : Collect=true
2024-06-07 23:23:04,272 [INFO] LogOutputStream:77 - [STDOUT_REDIRECT] StartTraceHandler.execute(), success : Collect=false
2024-06-07 23:24:09,350 [INFO] LogOutputStream:77 - [STDOUT_REDIRECT] StartTraceHandler.execute(), success : Collect=true
2024-06-07 23:24:25,466 [INFO] LogOutputStream:77 - [STDOUT_REDIRECT] StartTraceHandler.execute(), success : Collect=false
2024-06-07 23:25:20,753 [INFO] LogOutputStream:77 - [STDOUT_REDIRECT] StartTraceHandler.execute(), success : Collect=true
2024-06-07 23:25:25,477 [INFO] LogOutputStream:77 - [STDOUT_REDIRECT] StartTraceHandler.execute(), success : Collect=false
2024-06-07 23:25:30,365 [INFO] LogOutputStream:77 - [STDOUT_REDIRECT] StartTraceHandler.execute(), success : Collect=true
2024-06-07 23:41:57,771 [INFO] LogOutputStream:77 - [STDOUT_REDIRECT] StartTraceHandler.execute(), success : Collect=false
2024-06-07 23:42:06,412 [INFO] LogOutputStream:77 - [STDOUT_REDIRECT] StartTraceHandler.execute(), success : Collect=true
2024-06-07 23:42:22,809 [INFO] LogOutputStream:77 - [STDOUT_REDIRECT] StartTraceHandler.execute(), success : Collect=false
2024-06-07 23:42:31,215 [INFO] LogOutputStream:77 - [STDOUT_REDIRECT] StartTraceHandler.execute(), success : Collect=true
2024-06-07 23:46:52,028 [ERROR] LogOutputStream:75 - [STDERR_REDIRECT] Exception in thread "SWV client thread" java.lang.NullPointerException: Cannot invoke "com.st.stm32cube.ide.mcu.debug.swv.core.SWVPlugin.isDebugging()" because "com.st.stm32cube.ide.mcu.debug.swv.core.SWVPlugin.plugin" is null
2024-06-07 23:46:52,031 [ERROR] LogOutputStream:75 - [STDERR_REDIRECT] 	at com.st.stm32cube.ide.mcu.debug.swv.core.SWVPlugin.debugTrace(SWVPlugin.java:85)
2024-06-07 23:46:52,033 [ERROR] LogOutputStream:75 - [STDERR_REDIRECT] 	at com.st.stm32cube.ide.mcu.debug.swv.core.SWVClient.TRACE(SWVClient.java:768)
2024-06-07 23:46:52,035 [ERROR] LogOutputStream:75 - [STDERR_REDIRECT] 	at com.st.stm32cube.ide.mcu.debug.swv.core.SWVClient.readByte(SWVClient.java:296)
2024-06-07 23:46:52,036 [ERROR] LogOutputStream:75 - [STDERR_REDIRECT] 	at com.st.stm32cube.ide.mcu.debug.swv.core.SWVClient.getNextByte(SWVClient.java:277)
2024-06-07 23:46:52,038 [ERROR] LogOutputStream:75 - [STDERR_REDIRECT] 	at com.st.stm32cube.ide.mcu.debug.swv.core.SWVClient.run(SWVClient.java:313)
2024-06-07 23:46:52,590 [ERROR] LogOutputStream:75 - [STDERR_REDIRECT] 
2024-06-07 23:46:52,591 [ERROR] LogOutputStream:75 - [STDERR_REDIRECT] 
